<?xml version="1.0" encoding="utf-8"?>
<test-run id="2" testcasecount="323" result="Failed(Child)" total="323" passed="306" failed="17" inconclusive="0" skipped="0" asserts="0" engine-version="3.5.0.0" clr-version="4.0.30319.42000" start-time="2026-06-15 22:23:42Z" end-time="2026-06-15 22:24:18Z" duration="35.441005">
  <test-suite type="TestSuite" id="1356" name="Resonance" fullname="Resonance" runstate="Runnable" testcasecount="323" result="Failed" site="Child" start-time="2026-06-15 22:23:42Z" end-time="2026-06-15 22:24:18Z" duration="35.441005" total="323" passed="306" failed="17" inconclusive="0" skipped="0" asserts="0">
    <properties>
      <property name="platform" value="PlayMode" />
    </properties>
    <failure>
      <message><![CDATA[One or more child tests had errors]]></message>
    </failure>
    <test-suite type="Assembly" id="1062" name="AbilitySimulationTests.dll" fullname="C:/Users/brend/Developer/Resonance/Library/ScriptAssemblies/AbilitySimulationTests.dll" runstate="Runnable" testcasecount="56" result="Passed" start-time="2026-06-15 22:23:42Z" end-time="2026-06-15 22:23:42Z" duration="0.038207" total="56" passed="56" failed="0" inconclusive="0" skipped="0" asserts="0">
      <properties>
        <property name="_PID" value="23188" />
        <property name="_APPDOMAIN" value="Unity Child Domain" />
        <property name="platform" value="PlayMode" />
        <property name="EditorOnly" value="False" />
      </properties>
      <test-suite type="TestFixture" id="1001" name="BubbleShieldProjectileSimulationTests" fullname="BubbleShieldProjectileSimulationTests" classname="BubbleShieldProjectileSimulationTests" runstate="Runnable" testcasecount="17" result="Passed" start-time="2026-06-15 22:23:42Z" end-time="2026-06-15 22:23:42Z" duration="0.020059" total="17" passed="17" failed="0" inconclusive="0" skipped="0" asserts="0">
        <properties />
        <test-case id="1015" name="ApplyDamageBeginsDespawnWhenHealthDepleted" fullname="BubbleShieldProjectileSimulationTests.ApplyDamageBeginsDespawnWhenHealthDepleted" methodname="ApplyDamageBeginsDespawnWhenHealthDepleted" classname="BubbleShieldProjectileSimulationTests" runstate="Runnable" seed="1260441360" result="Passed" start-time="2026-06-15 22:23:42Z" end-time="2026-06-15 22:23:42Z" duration="0.008201" asserts="0">
          <properties>
            <property name="retryIteration" value="0" />
            <property name="repeatIteration" value="0" />
          </properties>
        </test-case>
        <test-case id="1017" name="ApplyDamageBeginsDespawnWhenHealthExactlyZero" fullname="BubbleShieldProjectileSimulationTests.ApplyDamageBeginsDespawnWhenHealthExactlyZero" methodname="ApplyDamageBeginsDespawnWhenHealthExactlyZero" classname="BubbleShieldProjectileSimulationTests" runstate="Runnable" seed="1339090946" result="Passed" start-time="2026-06-15 22:23:42Z" end-time="2026-06-15 22:23:42Z" duration="0.000142" asserts="0">
          <properties>
            <property name="retryIteration" value="0" />
            <property name="repeatIteration" value="0" />
          </properties>
        </test-case>
        <test-case id="1016" name="ApplyDamageClearsStaleBeginDespawnFlagWhenNonLethal" fullname="BubbleShieldProjectileSimulationTests.ApplyDamageClearsStaleBeginDespawnFlagWhenNonLethal" methodname="ApplyDamageClearsStaleBeginDespawnFlagWhenNonLethal" classname="BubbleShieldProjectileSimulationTests" runstate="Runnable" seed="273893951" result="Passed" start-time="2026-06-15 22:23:42Z" end-time="2026-06-15 22:23:42Z" duration="0.000195" asserts="0">
          <properties>
            <property name="retryIteration" value="0" />
            <property name="repeatIteration" value="0" />
          </properties>
        </test-case>
        <test-case id="1018" name="ApplyDamageDoesNotBeginDespawnTwiceWhenAlreadyDespawning" fullname="BubbleShieldProjectileSimulationTests.ApplyDamageDoesNotBeginDespawnTwiceWhenAlreadyDespawning" methodname="ApplyDamageDoesNotBeginDespawnTwiceWhenAlreadyDespawning" classname="BubbleShieldProjectileSimulationTests" runstate="Runnable" seed="1284928270" result="Passed" start-time="2026-06-15 22:23:42Z" end-time="2026-06-15 22:23:42Z" duration="0.000096" asserts="0">
          <properties>
            <property name="retryIteration" value="0" />
            <property name="repeatIteration" value="0" />
          </properties>
        </test-case>
        <test-case id="1014" name="ApplyDamageReducesHealth" fullname="BubbleShieldProjectileSimulationTests.ApplyDamageReducesHealth" methodname="ApplyDamageReducesHealth" classname="BubbleShieldProjectileSimulationTests" runstate="Runnable" seed="170301284" result="Passed" start-time="2026-06-15 22:23:42Z" end-time="2026-06-15 22:23:42Z" duration="0.000081" asserts="0">
          <properties>
            <property name="retryIteration" value="0" />
            <property name="repeatIteration" value="0" />
          </properties>
        </test-case>
        <test-case id="1008" name="StepAccumulatesAliveTimeAfterLanding" fullname="BubbleShieldProjectileSimulationTests.StepAccumulatesAliveTimeAfterLanding" methodname="StepAccumulatesAliveTimeAfterLanding" classname="BubbleShieldProjectileSimulationTests" runstate="Runnable" seed="715842666" result="Passed" start-time="2026-06-15 22:23:42Z" end-time="2026-06-15 22:23:42Z" duration="0.000314" asserts="0">
          <properties>
            <property name="retryIteration" value="0" />
            <property name="repeatIteration" value="0" />
          </properties>
        </test-case>
        <test-case id="1010" name="StepBeginsDespawnWhenAliveTimeReachesThreshold" fullname="BubbleShieldProjectileSimulationTests.StepBeginsDespawnWhenAliveTimeReachesThreshold" methodname="StepBeginsDespawnWhenAliveTimeReachesThreshold" classname="BubbleShieldProjectileSimulationTests" runstate="Runnable" seed="554234855" result="Passed" start-time="2026-06-15 22:23:42Z" end-time="2026-06-15 22:23:42Z" duration="0.000123" asserts="0">
          <properties>
            <property name="retryIteration" value="0" />
            <property name="repeatIteration" value="0" />
          </properties>
        </test-case>
        <test-case id="1007" name="StepDoesNotAccumulateAliveTimeBeforeLanding" fullname="BubbleShieldProjectileSimulationTests.StepDoesNotAccumulateAliveTimeBeforeLanding" methodname="StepDoesNotAccumulateAliveTimeBeforeLanding" classname="BubbleShieldProjectileSimulationTests" runstate="Runnable" seed="1305453860" result="Passed" start-time="2026-06-15 22:23:42Z" end-time="2026-06-15 22:23:42Z" duration="0.000423" asserts="0">
          <properties>
            <property name="retryIteration" value="0" />
            <property name="repeatIteration" value="0" />
          </properties>
        </test-case>
        <test-case id="1009" name="StepDoesNotAccumulateAliveTimeOnTheLandingTick" fullname="BubbleShieldProjectileSimulationTests.StepDoesNotAccumulateAliveTimeOnTheLandingTick" methodname="StepDoesNotAccumulateAliveTimeOnTheLandingTick" classname="BubbleShieldProjectileSimulationTests" runstate="Runnable" seed="273463407" result="Passed" start-time="2026-06-15 22:23:42Z" end-time="2026-06-15 22:23:42Z" duration="0.000135" asserts="0">
          <properties>
            <property name="retryIteration" value="0" />
            <property name="repeatIteration" value="0" />
          </properties>
        </test-case>
        <test-case id="1011" name="StepDoesNotBeginDespawnBeforeThreshold" fullname="BubbleShieldProjectileSimulationTests.StepDoesNotBeginDespawnBeforeThreshold" methodname="StepDoesNotBeginDespawnBeforeThreshold" classname="BubbleShieldProjectileSimulationTests" runstate="Runnable" seed="265240790" result="Passed" start-time="2026-06-15 22:23:42Z" end-time="2026-06-15 22:23:42Z" duration="0.000109" asserts="0">
          <properties>
            <property name="retryIteration" value="0" />
            <property name="repeatIteration" value="0" />
          </properties>
        </test-case>
        <test-case id="1012" name="StepDoesNothingWhenDespawning" fullname="BubbleShieldProjectileSimulationTests.StepDoesNothingWhenDespawning" methodname="StepDoesNothingWhenDespawning" classname="BubbleShieldProjectileSimulationTests" runstate="Runnable" seed="726078651" result="Passed" start-time="2026-06-15 22:23:42Z" end-time="2026-06-15 22:23:42Z" duration="0.000111" asserts="0">
          <properties>
            <property name="retryIteration" value="0" />
            <property name="repeatIteration" value="0" />
          </properties>
        </test-case>
        <test-case id="1004" name="StepDoesNotLandWhenNotDescending" fullname="BubbleShieldProjectileSimulationTests.StepDoesNotLandWhenNotDescending" methodname="StepDoesNotLandWhenNotDescending" classname="BubbleShieldProjectileSimulationTests" runstate="Runnable" seed="1379996897" result="Passed" start-time="2026-06-15 22:23:42Z" end-time="2026-06-15 22:23:42Z" duration="0.000099" asserts="0">
          <properties>
            <property name="retryIteration" value="0" />
            <property name="repeatIteration" value="0" />
          </properties>
        </test-case>
        <test-case id="1003" name="StepDoesNotLandWhenNotGrounded" fullname="BubbleShieldProjectileSimulationTests.StepDoesNotLandWhenNotGrounded" methodname="StepDoesNotLandWhenNotGrounded" classname="BubbleShieldProjectileSimulationTests" runstate="Runnable" seed="1868650769" result="Passed" start-time="2026-06-15 22:23:42Z" end-time="2026-06-15 22:23:42Z" duration="0.000093" asserts="0">
          <properties>
            <property name="retryIteration" value="0" />
            <property name="repeatIteration" value="0" />
          </properties>
        </test-case>
        <test-case id="1006" name="StepDoesNotLandWhenVelocityJustAboveDescendThreshold" fullname="BubbleShieldProjectileSimulationTests.StepDoesNotLandWhenVelocityJustAboveDescendThreshold" methodname="StepDoesNotLandWhenVelocityJustAboveDescendThreshold" classname="BubbleShieldProjectileSimulationTests" runstate="Runnable" seed="718410633" result="Passed" start-time="2026-06-15 22:23:42Z" end-time="2026-06-15 22:23:42Z" duration="0.000114" asserts="0">
          <properties>
            <property name="retryIteration" value="0" />
            <property name="repeatIteration" value="0" />
          </properties>
        </test-case>
        <test-case id="1002" name="StepLandsAndFreezesBodyWhenDescendingAndGrounded" fullname="BubbleShieldProjectileSimulationTests.StepLandsAndFreezesBodyWhenDescendingAndGrounded" methodname="StepLandsAndFreezesBodyWhenDescendingAndGrounded" classname="BubbleShieldProjectileSimulationTests" runstate="Runnable" seed="336176467" result="Passed" start-time="2026-06-15 22:23:42Z" end-time="2026-06-15 22:23:42Z" duration="0.000097" asserts="0">
          <properties>
            <property name="retryIteration" value="0" />
            <property name="repeatIteration" value="0" />
          </properties>
        </test-case>
        <test-case id="1005" name="StepLandsWhenVelocityExactlyAtDescendThreshold" fullname="BubbleShieldProjectileSimulationTests.StepLandsWhenVelocityExactlyAtDescendThreshold" methodname="StepLandsWhenVelocityExactlyAtDescendThreshold" classname="BubbleShieldProjectileSimulationTests" runstate="Runnable" seed="1232792022" result="Passed" start-time="2026-06-15 22:23:42Z" end-time="2026-06-15 22:23:42Z" duration="0.000092" asserts="0">
          <properties>
            <property name="retryIteration" value="0" />
            <property name="repeatIteration" value="0" />
          </properties>
        </test-case>
        <test-case id="1013" name="StepResetsTransientOutputsEachTick" fullname="BubbleShieldProjectileSimulationTests.StepResetsTransientOutputsEachTick" methodname="StepResetsTransientOutputsEachTick" classname="BubbleShieldProjectileSimulationTests" runstate="Runnable" seed="1473039885" result="Passed" start-time="2026-06-15 22:23:42Z" end-time="2026-06-15 22:23:42Z" duration="0.000090" asserts="0">
          <properties>
            <property name="retryIteration" value="0" />
            <property name="repeatIteration" value="0" />
          </properties>
        </test-case>
      </test-suite>
      <test-suite type="TestFixture" id="1019" name="BubbleShieldSimulationTests" fullname="BubbleShieldSimulationTests" classname="BubbleShieldSimulationTests" runstate="Runnable" testcasecount="10" result="Passed" start-time="2026-06-15 22:23:42Z" end-time="2026-06-15 22:23:42Z" duration="0.005650" total="10" passed="10" failed="0" inconclusive="0" skipped="0" asserts="0">
        <properties />
        <test-case id="1023" name="StepActivationIsNotCooldownGatedAndResetsRunningCooldown" fullname="BubbleShieldSimulationTests.StepActivationIsNotCooldownGatedAndResetsRunningCooldown" methodname="StepActivationIsNotCooldownGatedAndResetsRunningCooldown" classname="BubbleShieldSimulationTests" runstate="Runnable" seed="887548073" result="Passed" start-time="2026-06-15 22:23:42Z" end-time="2026-06-15 22:23:42Z" duration="0.000382" asserts="0">
          <properties>
            <property name="retryIteration" value="0" />
            <property name="repeatIteration" value="0" />
          </properties>
        </test-case>
        <test-case id="1024" name="StepCooldownDecrementsPastZeroWhenBelowDelta" fullname="BubbleShieldSimulationTests.StepCooldownDecrementsPastZeroWhenBelowDelta" methodname="StepCooldownDecrementsPastZeroWhenBelowDelta" classname="BubbleShieldSimulationTests" runstate="Runnable" seed="2111552533" result="Passed" start-time="2026-06-15 22:23:42Z" end-time="2026-06-15 22:23:42Z" duration="0.001758" asserts="0">
          <properties>
            <property name="retryIteration" value="0" />
            <property name="repeatIteration" value="0" />
          </properties>
        </test-case>
        <test-case id="1026" name="StepDecrementsCooldownByDeltaWhenAboveZero" fullname="BubbleShieldSimulationTests.StepDecrementsCooldownByDeltaWhenAboveZero" methodname="StepDecrementsCooldownByDeltaWhenAboveZero" classname="BubbleShieldSimulationTests" runstate="Runnable" seed="1815902686" result="Passed" start-time="2026-06-15 22:23:42Z" end-time="2026-06-15 22:23:42Z" duration="0.000145" asserts="0">
          <properties>
            <property name="retryIteration" value="0" />
            <property name="repeatIteration" value="0" />
          </properties>
        </test-case>
        <test-case id="1027" name="StepDoesNotDecrementCooldownWhenAtZero" fullname="BubbleShieldSimulationTests.StepDoesNotDecrementCooldownWhenAtZero" methodname="StepDoesNotDecrementCooldownWhenAtZero" classname="BubbleShieldSimulationTests" runstate="Runnable" seed="2019528143" result="Passed" start-time="2026-06-15 22:23:42Z" end-time="2026-06-15 22:23:42Z" duration="0.000130" asserts="0">
          <properties>
            <property name="retryIteration" value="0" />
            <property name="repeatIteration" value="0" />
          </properties>
        </test-case>
        <test-case id="1022" name="StepDoesNotSignalSpawnWhenActivateNotPressed" fullname="BubbleShieldSimulationTests.StepDoesNotSignalSpawnWhenActivateNotPressed" methodname="StepDoesNotSignalSpawnWhenActivateNotPressed" classname="BubbleShieldSimulationTests" runstate="Runnable" seed="519329005" result="Passed" start-time="2026-06-15 22:23:42Z" end-time="2026-06-15 22:23:42Z" duration="0.000106" asserts="0">
          <properties>
            <property name="retryIteration" value="0" />
            <property name="repeatIteration" value="0" />
          </properties>
        </test-case>
        <test-case id="1020" name="StepMirrorsSpawnPositionAndLobDirectionFromInput" fullname="BubbleShieldSimulationTests.StepMirrorsSpawnPositionAndLobDirectionFromInput" methodname="StepMirrorsSpawnPositionAndLobDirectionFromInput" classname="BubbleShieldSimulationTests" runstate="Runnable" seed="1296588535" result="Passed" start-time="2026-06-15 22:23:42Z" end-time="2026-06-15 22:23:42Z" duration="0.001024" asserts="0">
          <properties>
            <property name="retryIteration" value="0" />
            <property name="repeatIteration" value="0" />
          </properties>
        </test-case>
        <test-case id="1025" name="StepResetsShouldSpawnShieldEachTick" fullname="BubbleShieldSimulationTests.StepResetsShouldSpawnShieldEachTick" methodname="StepResetsShouldSpawnShieldEachTick" classname="BubbleShieldSimulationTests" runstate="Runnable" seed="311794809" result="Passed" start-time="2026-06-15 22:23:42Z" end-time="2026-06-15 22:23:42Z" duration="0.000143" asserts="0">
          <properties>
            <property name="retryIteration" value="0" />
            <property name="repeatIteration" value="0" />
          </properties>
        </test-case>
        <test-case id="1021" name="StepSetsCooldownAndSignalsSpawnWhenActivatePressed" fullname="BubbleShieldSimulationTests.StepSetsCooldownAndSignalsSpawnWhenActivatePressed" methodname="StepSetsCooldownAndSignalsSpawnWhenActivatePressed" classname="BubbleShieldSimulationTests" runstate="Runnable" seed="385251309" result="Passed" start-time="2026-06-15 22:23:42Z" end-time="2026-06-15 22:23:42Z" duration="0.000118" asserts="0">
          <properties>
            <property name="retryIteration" value="0" />
            <property name="repeatIteration" value="0" />
          </properties>
        </test-case>
        <test-case id="1029" name="TryActivateFailsAndLeavesCooldownWhenOnCooldown" fullname="BubbleShieldSimulationTests.TryActivateFailsAndLeavesCooldownWhenOnCooldown" methodname="TryActivateFailsAndLeavesCooldownWhenOnCooldown" classname="BubbleShieldSimulationTests" runstate="Runnable" seed="127026013" result="Passed" start-time="2026-06-15 22:23:42Z" end-time="2026-06-15 22:23:42Z" duration="0.000143" asserts="0">
          <properties>
            <property name="retryIteration" value="0" />
            <property name="repeatIteration" value="0" />
          </properties>
        </test-case>
        <test-case id="1028" name="TryActivateSucceedsAndSetsCooldownWhenOffCooldown" fullname="BubbleShieldSimulationTests.TryActivateSucceedsAndSetsCooldownWhenOffCooldown" methodname="TryActivateSucceedsAndSetsCooldownWhenOffCooldown" classname="BubbleShieldSimulationTests" runstate="Runnable" seed="927578510" result="Passed" start-time="2026-06-15 22:23:42Z" end-time="2026-06-15 22:23:42Z" duration="0.000108" asserts="0">
          <properties>
            <property name="retryIteration" value="0" />
            <property name="repeatIteration" value="0" />
          </properties>
        </test-case>
      </test-suite>
      <test-suite type="TestFixture" id="1030" name="GrappleHookSimulationTests" fullname="GrappleHookSimulationTests" classname="GrappleHookSimulationTests" runstate="Runnable" testcasecount="9" result="Passed" start-time="2026-06-15 22:23:42Z" end-time="2026-06-15 22:23:42Z" duration="0.003832" total="9" passed="9" failed="0" inconclusive="0" skipped="0" asserts="0">
        <properties />
        <test-case id="1035" name="StepDecrementsCooldownByDeltaIfAboveZero" fullname="GrappleHookSimulationTests.StepDecrementsCooldownByDeltaIfAboveZero" methodname="StepDecrementsCooldownByDeltaIfAboveZero" classname="GrappleHookSimulationTests" runstate="Runnable" seed="1392160015" result="Passed" start-time="2026-06-15 22:23:42Z" end-time="2026-06-15 22:23:42Z" duration="0.000689" asserts="0">
          <properties>
            <property name="retryIteration" value="0" />
            <property name="repeatIteration" value="0" />
          </properties>
        </test-case>
        <test-case id="1036" name="StepDoesNotDecrementCooldownIfAtZero" fullname="GrappleHookSimulationTests.StepDoesNotDecrementCooldownIfAtZero" methodname="StepDoesNotDecrementCooldownIfAtZero" classname="GrappleHookSimulationTests" runstate="Runnable" seed="993433909" result="Passed" start-time="2026-06-15 22:23:42Z" end-time="2026-06-15 22:23:42Z" duration="0.000176" asserts="0">
          <properties>
            <property name="retryIteration" value="0" />
            <property name="repeatIteration" value="0" />
          </properties>
        </test-case>
        <test-case id="1033" name="StepDoesNotUpdateHookPointOrReelTimeIfAlreadyGrappling" fullname="GrappleHookSimulationTests.StepDoesNotUpdateHookPointOrReelTimeIfAlreadyGrappling" methodname="StepDoesNotUpdateHookPointOrReelTimeIfAlreadyGrappling" classname="GrappleHookSimulationTests" runstate="Runnable" seed="597189204" result="Passed" start-time="2026-06-15 22:23:42Z" end-time="2026-06-15 22:23:42Z" duration="0.000372" asserts="0">
          <properties>
            <property name="retryIteration" value="0" />
            <property name="repeatIteration" value="0" />
          </properties>
        </test-case>
        <test-case id="1037" name="StepExitsGrappleAndStartsCooldownIfJumpPressed" fullname="GrappleHookSimulationTests.StepExitsGrappleAndStartsCooldownIfJumpPressed" methodname="StepExitsGrappleAndStartsCooldownIfJumpPressed" classname="GrappleHookSimulationTests" runstate="Runnable" seed="481399440" result="Passed" start-time="2026-06-15 22:23:42Z" end-time="2026-06-15 22:23:42Z" duration="0.000280" asserts="0">
          <properties>
            <property name="retryIteration" value="0" />
            <property name="repeatIteration" value="0" />
          </properties>
        </test-case>
        <test-case id="1038" name="StepExitsGrappleAndStartsCooldownIfMaxReelTimeExceeded" fullname="GrappleHookSimulationTests.StepExitsGrappleAndStartsCooldownIfMaxReelTimeExceeded" methodname="StepExitsGrappleAndStartsCooldownIfMaxReelTimeExceeded" classname="GrappleHookSimulationTests" runstate="Runnable" seed="1773222097" result="Passed" start-time="2026-06-15 22:23:42Z" end-time="2026-06-15 22:23:42Z" duration="0.000199" asserts="0">
          <properties>
            <property name="retryIteration" value="0" />
            <property name="repeatIteration" value="0" />
          </properties>
        </test-case>
        <test-case id="1034" name="StepReadsInCameraInput" fullname="GrappleHookSimulationTests.StepReadsInCameraInput" methodname="StepReadsInCameraInput" classname="GrappleHookSimulationTests" runstate="Runnable" seed="1934239768" result="Passed" start-time="2026-06-15 22:23:42Z" end-time="2026-06-15 22:23:42Z" duration="0.000186" asserts="0">
          <properties>
            <property name="retryIteration" value="0" />
            <property name="repeatIteration" value="0" />
          </properties>
        </test-case>
        <test-case id="1032" name="StepStartsGrapplingWhenActivatePressedAndNotAlreadyGrappling" fullname="GrappleHookSimulationTests.StepStartsGrapplingWhenActivatePressedAndNotAlreadyGrappling" methodname="StepStartsGrapplingWhenActivatePressedAndNotAlreadyGrappling" classname="GrappleHookSimulationTests" runstate="Runnable" seed="356370469" result="Passed" start-time="2026-06-15 22:23:42Z" end-time="2026-06-15 22:23:42Z" duration="0.000170" asserts="0">
          <properties>
            <property name="retryIteration" value="0" />
            <property name="repeatIteration" value="0" />
          </properties>
        </test-case>
        <test-case id="1039" name="StepUpdatesReelVelocityBasedOnHookDirectionAndReelSpeed" fullname="GrappleHookSimulationTests.StepUpdatesReelVelocityBasedOnHookDirectionAndReelSpeed" methodname="StepUpdatesReelVelocityBasedOnHookDirectionAndReelSpeed" classname="GrappleHookSimulationTests" runstate="Runnable" seed="1593890145" result="Passed" start-time="2026-06-15 22:23:42Z" end-time="2026-06-15 22:23:42Z" duration="0.000188" asserts="0">
          <properties>
            <property name="retryIteration" value="0" />
            <property name="repeatIteration" value="0" />
          </properties>
        </test-case>
        <test-case id="1031" name="StepUsesLocalTransformPositionToDetermineDirection" fullname="GrappleHookSimulationTests.StepUsesLocalTransformPositionToDetermineDirection" methodname="StepUsesLocalTransformPositionToDetermineDirection" classname="GrappleHookSimulationTests" runstate="Runnable" seed="741303487" result="Passed" start-time="2026-06-15 22:23:42Z" end-time="2026-06-15 22:23:42Z" duration="0.000178" asserts="0">
          <properties>
            <property name="retryIteration" value="0" />
            <property name="repeatIteration" value="0" />
          </properties>
        </test-case>
      </test-suite>
      <test-suite type="TestFixture" id="1040" name="SonarDiscProjectileSimulationTests" fullname="SonarDiscProjectileSimulationTests" classname="SonarDiscProjectileSimulationTests" runstate="Runnable" testcasecount="13" result="Passed" start-time="2026-06-15 22:23:42Z" end-time="2026-06-15 22:23:42Z" duration="0.004497" total="13" passed="13" failed="0" inconclusive="0" skipped="0" asserts="0">
        <properties />
        <test-case id="1052" name="ComputeAttachAndFollowPoseRoundTripsToTheWorldAttachPose" fullname="SonarDiscProjectileSimulationTests.ComputeAttachAndFollowPoseRoundTripsToTheWorldAttachPose" methodname="ComputeAttachAndFollowPoseRoundTripsToTheWorldAttachPose" classname="SonarDiscProjectileSimulationTests" runstate="Runnable" seed="635987531" result="Passed" start-time="2026-06-15 22:23:42Z" end-time="2026-06-15 22:23:42Z" duration="0.000870" asserts="0">
          <properties>
            <property name="retryIteration" value="0" />
            <property name="repeatIteration" value="0" />
          </properties>
        </test-case>
        <test-case id="1053" name="ComputeLocalAttachPoseNudgesAlongTheSurfaceNormal" fullname="SonarDiscProjectileSimulationTests.ComputeLocalAttachPoseNudgesAlongTheSurfaceNormal" methodname="ComputeLocalAttachPoseNudgesAlongTheSurfaceNormal" classname="SonarDiscProjectileSimulationTests" runstate="Runnable" seed="406221038" result="Passed" start-time="2026-06-15 22:23:42Z" end-time="2026-06-15 22:23:42Z" duration="0.000147" asserts="0">
          <properties>
            <property name="retryIteration" value="0" />
            <property name="repeatIteration" value="0" />
          </properties>
        </test-case>
        <test-case id="1041" name="TickShootSoundDecrementsCountdown" fullname="SonarDiscProjectileSimulationTests.TickShootSoundDecrementsCountdown" methodname="TickShootSoundDecrementsCountdown" classname="SonarDiscProjectileSimulationTests" runstate="Runnable" seed="1007829487" result="Passed" start-time="2026-06-15 22:23:42Z" end-time="2026-06-15 22:23:42Z" duration="0.000399" asserts="0">
          <properties>
            <property name="retryIteration" value="0" />
            <property name="repeatIteration" value="0" />
          </properties>
        </test-case>
        <test-case id="1042" name="TickShootSoundIsFlooredAtZero" fullname="SonarDiscProjectileSimulationTests.TickShootSoundIsFlooredAtZero" methodname="TickShootSoundIsFlooredAtZero" classname="SonarDiscProjectileSimulationTests" runstate="Runnable" seed="1799934574" result="Passed" start-time="2026-06-15 22:23:42Z" end-time="2026-06-15 22:23:42Z" duration="0.000148" asserts="0">
          <properties>
            <property name="retryIteration" value="0" />
            <property name="repeatIteration" value="0" />
          </properties>
        </test-case>
        <test-case id="1043" name="TravelStepAccumulatesDistanceAndAdvancesLastPosition" fullname="SonarDiscProjectileSimulationTests.TravelStepAccumulatesDistanceAndAdvancesLastPosition" methodname="TravelStepAccumulatesDistanceAndAdvancesLastPosition" classname="SonarDiscProjectileSimulationTests" runstate="Runnable" seed="1751734226" result="Passed" start-time="2026-06-15 22:23:42Z" end-time="2026-06-15 22:23:42Z" duration="0.000298" asserts="0">
          <properties>
            <property name="retryIteration" value="0" />
            <property name="repeatIteration" value="0" />
          </properties>
        </test-case>
        <test-case id="1045" name="TravelStepResetsStaleDestroyFlag" fullname="SonarDiscProjectileSimulationTests.TravelStepResetsStaleDestroyFlag" methodname="TravelStepResetsStaleDestroyFlag" classname="SonarDiscProjectileSimulationTests" runstate="Runnable" seed="880882219" result="Passed" start-time="2026-06-15 22:23:42Z" end-time="2026-06-15 22:23:42Z" duration="0.000118" asserts="0">
          <properties>
            <property name="retryIteration" value="0" />
            <property name="repeatIteration" value="0" />
          </properties>
        </test-case>
        <test-case id="1044" name="TravelStepSignalsDestroyWhenMaxRangeReached" fullname="SonarDiscProjectileSimulationTests.TravelStepSignalsDestroyWhenMaxRangeReached" methodname="TravelStepSignalsDestroyWhenMaxRangeReached" classname="SonarDiscProjectileSimulationTests" runstate="Runnable" seed="1914525152" result="Passed" start-time="2026-06-15 22:23:42Z" end-time="2026-06-15 22:23:42Z" duration="0.000104" asserts="0">
          <properties>
            <property name="retryIteration" value="0" />
            <property name="repeatIteration" value="0" />
          </properties>
        </test-case>
        <test-case id="1047" name="WallPulseStepAccumulatesPrePulseDelayBeforePulsing" fullname="SonarDiscProjectileSimulationTests.WallPulseStepAccumulatesPrePulseDelayBeforePulsing" methodname="WallPulseStepAccumulatesPrePulseDelayBeforePulsing" classname="SonarDiscProjectileSimulationTests" runstate="Runnable" seed="499542773" result="Passed" start-time="2026-06-15 22:23:42Z" end-time="2026-06-15 22:23:42Z" duration="0.000199" asserts="0">
          <properties>
            <property name="retryIteration" value="0" />
            <property name="repeatIteration" value="0" />
          </properties>
        </test-case>
        <test-case id="1046" name="WallPulseStepDoesNothingWhenDespawning" fullname="SonarDiscProjectileSimulationTests.WallPulseStepDoesNothingWhenDespawning" methodname="WallPulseStepDoesNothingWhenDespawning" classname="SonarDiscProjectileSimulationTests" runstate="Runnable" seed="1337270789" result="Passed" start-time="2026-06-15 22:23:42Z" end-time="2026-06-15 22:23:42Z" duration="0.000128" asserts="0">
          <properties>
            <property name="retryIteration" value="0" />
            <property name="repeatIteration" value="0" />
          </properties>
        </test-case>
        <test-case id="1049" name="WallPulseStepExpandsRadiusAndSignalsScanWhilePulsing" fullname="SonarDiscProjectileSimulationTests.WallPulseStepExpandsRadiusAndSignalsScanWhilePulsing" methodname="WallPulseStepExpandsRadiusAndSignalsScanWhilePulsing" classname="SonarDiscProjectileSimulationTests" runstate="Runnable" seed="1163691733" result="Passed" start-time="2026-06-15 22:23:42Z" end-time="2026-06-15 22:23:42Z" duration="0.000153" asserts="0">
          <properties>
            <property name="retryIteration" value="0" />
            <property name="repeatIteration" value="0" />
          </properties>
        </test-case>
        <test-case id="1048" name="WallPulseStepFlipsToPulsingOnceDelayElapses" fullname="SonarDiscProjectileSimulationTests.WallPulseStepFlipsToPulsingOnceDelayElapses" methodname="WallPulseStepFlipsToPulsingOnceDelayElapses" classname="SonarDiscProjectileSimulationTests" runstate="Runnable" seed="198881357" result="Passed" start-time="2026-06-15 22:23:42Z" end-time="2026-06-15 22:23:42Z" duration="0.000116" asserts="0">
          <properties>
            <property name="retryIteration" value="0" />
            <property name="repeatIteration" value="0" />
          </properties>
        </test-case>
        <test-case id="1051" name="WallPulseStepResetsTransientOutputsEachTick" fullname="SonarDiscProjectileSimulationTests.WallPulseStepResetsTransientOutputsEachTick" methodname="WallPulseStepResetsTransientOutputsEachTick" classname="SonarDiscProjectileSimulationTests" runstate="Runnable" seed="1309466039" result="Passed" start-time="2026-06-15 22:23:42Z" end-time="2026-06-15 22:23:42Z" duration="0.000103" asserts="0">
          <properties>
            <property name="retryIteration" value="0" />
            <property name="repeatIteration" value="0" />
          </properties>
        </test-case>
        <test-case id="1050" name="WallPulseStepSignalsDestroyWhenPulseFullyExpanded" fullname="SonarDiscProjectileSimulationTests.WallPulseStepSignalsDestroyWhenPulseFullyExpanded" methodname="WallPulseStepSignalsDestroyWhenPulseFullyExpanded" classname="SonarDiscProjectileSimulationTests" runstate="Runnable" seed="1691794052" result="Passed" start-time="2026-06-15 22:23:42Z" end-time="2026-06-15 22:23:42Z" duration="0.000104" asserts="0">
          <properties>
            <property name="retryIteration" value="0" />
            <property name="repeatIteration" value="0" />
          </properties>
        </test-case>
      </test-suite>
      <test-suite type="TestFixture" id="1054" name="SonarDiscSimulationTests" fullname="SonarDiscSimulationTests" classname="SonarDiscSimulationTests" runstate="Runnable" testcasecount="7" result="Passed" start-time="2026-06-15 22:23:42Z" end-time="2026-06-15 22:23:42Z" duration="0.002543" total="7" passed="7" failed="0" inconclusive="0" skipped="0" asserts="0">
        <properties />
        <test-case id="1055" name="StepDecrementsCooldownByDeltaWhenAboveZero" fullname="SonarDiscSimulationTests.StepDecrementsCooldownByDeltaWhenAboveZero" methodname="StepDecrementsCooldownByDeltaWhenAboveZero" classname="SonarDiscSimulationTests" runstate="Runnable" seed="21443491" result="Passed" start-time="2026-06-15 22:23:42Z" end-time="2026-06-15 22:23:42Z" duration="0.000376" asserts="0">
          <properties>
            <property name="retryIteration" value="0" />
            <property name="repeatIteration" value="0" />
          </properties>
        </test-case>
        <test-case id="1056" name="StepDoesNotDecrementCooldownAtZero" fullname="SonarDiscSimulationTests.StepDoesNotDecrementCooldownAtZero" methodname="StepDoesNotDecrementCooldownAtZero" classname="SonarDiscSimulationTests" runstate="Runnable" seed="1469539268" result="Passed" start-time="2026-06-15 22:23:42Z" end-time="2026-06-15 22:23:42Z" duration="0.000150" asserts="0">
          <properties>
            <property name="retryIteration" value="0" />
            <property name="repeatIteration" value="0" />
          </properties>
        </test-case>
        <test-case id="1057" name="StepDoesNotSpawnOnTheTickActivateIsPressed" fullname="SonarDiscSimulationTests.StepDoesNotSpawnOnTheTickActivateIsPressed" methodname="StepDoesNotSpawnOnTheTickActivateIsPressed" classname="SonarDiscSimulationTests" runstate="Runnable" seed="1456938935" result="Passed" start-time="2026-06-15 22:23:42Z" end-time="2026-06-15 22:23:42Z" duration="0.000120" asserts="0">
          <properties>
            <property name="retryIteration" value="0" />
            <property name="repeatIteration" value="0" />
          </properties>
        </test-case>
        <test-case id="1061" name="StepMirrorsMuzzlePoseFromInput" fullname="SonarDiscSimulationTests.StepMirrorsMuzzlePoseFromInput" methodname="StepMirrorsMuzzlePoseFromInput" classname="SonarDiscSimulationTests" runstate="Runnable" seed="34595710" result="Passed" start-time="2026-06-15 22:23:42Z" end-time="2026-06-15 22:23:42Z" duration="0.000157" asserts="0">
          <properties>
            <property name="retryIteration" value="0" />
            <property name="repeatIteration" value="0" />
          </properties>
        </test-case>
        <test-case id="1060" name="StepResetsShouldSpawnDiscEachTick" fullname="SonarDiscSimulationTests.StepResetsShouldSpawnDiscEachTick" methodname="StepResetsShouldSpawnDiscEachTick" classname="SonarDiscSimulationTests" runstate="Runnable" seed="957999188" result="Passed" start-time="2026-06-15 22:23:42Z" end-time="2026-06-15 22:23:42Z" duration="0.000128" asserts="0">
          <properties>
            <property name="retryIteration" value="0" />
            <property name="repeatIteration" value="0" />
          </properties>
        </test-case>
        <test-case id="1059" name="StepSpawnsFromThePreviouslyMirroredMuzzlePose" fullname="SonarDiscSimulationTests.StepSpawnsFromThePreviouslyMirroredMuzzlePose" methodname="StepSpawnsFromThePreviouslyMirroredMuzzlePose" classname="SonarDiscSimulationTests" runstate="Runnable" seed="1121863936" result="Passed" start-time="2026-06-15 22:23:42Z" end-time="2026-06-15 22:23:42Z" duration="0.000186" asserts="0">
          <properties>
            <property name="retryIteration" value="0" />
            <property name="repeatIteration" value="0" />
          </properties>
        </test-case>
        <test-case id="1058" name="StepSpawnsOnTheTickAfterActivation" fullname="SonarDiscSimulationTests.StepSpawnsOnTheTickAfterActivation" methodname="StepSpawnsOnTheTickAfterActivation" classname="SonarDiscSimulationTests" runstate="Runnable" seed="342325831" result="Passed" start-time="2026-06-15 22:23:42Z" end-time="2026-06-15 22:23:42Z" duration="0.000183" asserts="0">
          <properties>
            <property name="retryIteration" value="0" />
            <property name="repeatIteration" value="0" />
          </properties>
        </test-case>
      </test-suite>
    </test-suite>
    <test-suite type="Assembly" id="1096" name="ArenaTests.dll" fullname="C:/Users/brend/Developer/Resonance/Library/ScriptAssemblies/ArenaTests.dll" runstate="Runnable" testcasecount="31" result="Passed" start-time="2026-06-15 22:23:42Z" end-time="2026-06-15 22:23:59Z" duration="16.609199" total="31" passed="31" failed="0" inconclusive="0" skipped="0" asserts="0">
      <properties>
        <property name="_PID" value="23188" />
        <property name="_APPDOMAIN" value="Unity Child Domain" />
        <property name="platform" value="PlayMode" />
        <property name="EditorOnly" value="False" />
      </properties>
      <test-suite type="TestFixture" id="1063" name="ArenaRatingManagerTests" fullname="ArenaRatingManagerTests" classname="ArenaRatingManagerTests" runstate="Runnable" testcasecount="9" result="Passed" start-time="2026-06-15 22:23:42Z" end-time="2026-06-15 22:23:42Z" duration="0.025954" total="9" passed="9" failed="0" inconclusive="0" skipped="0" asserts="0">
        <properties />
        <test-case id="1069" name="ConsecutiveHits_IncreaseMultiplier_SecondHitAwardsMore" fullname="ArenaRatingManagerTests.ConsecutiveHits_IncreaseMultiplier_SecondHitAwardsMore" methodname="ConsecutiveHits_IncreaseMultiplier_SecondHitAwardsMore" classname="ArenaRatingManagerTests" runstate="Runnable" seed="1122911596" result="Passed" start-time="2026-06-15 22:23:42Z" end-time="2026-06-15 22:23:42Z" duration="0.009853" asserts="0">
          <properties>
            <property name="retryIteration" value="0" />
            <property name="repeatIteration" value="0" />
          </properties>
          <output><![CDATA[[ArenaRatingManager] Registered multiplier: ConsecHitMultiplier (key: consecHit)
[ArenaRatingManager] Registered multiplier: KillstreakMultiplier (key: killstreak)
[ArenaRatingManager] Registered point gain: KillPointGain
[ArenaRatingManager] Registered point gain: PlayerDamagePointGain
[ArenaRatingManager] Initialized with 2 multiplier type(s) and 2 point gain(s)
[ArenaRatingManager] Registered player 1 with 2 multiplier(s)
[ArenaRatingManager] Registered player 2 with 2 multiplier(s)
]]></output>
        </test-case>
        <test-case id="1071" name="KillAndDamage_AccumulatesRatingAcrossBothPointGains" fullname="ArenaRatingManagerTests.KillAndDamage_AccumulatesRatingAcrossBothPointGains" methodname="KillAndDamage_AccumulatesRatingAcrossBothPointGains" classname="ArenaRatingManagerTests" runstate="Runnable" seed="2142066772" result="Passed" start-time="2026-06-15 22:23:42Z" end-time="2026-06-15 22:23:42Z" duration="0.002983" asserts="0">
          <properties>
            <property name="retryIteration" value="0" />
            <property name="repeatIteration" value="0" />
          </properties>
          <output><![CDATA[[ArenaRatingManager] Registered multiplier: ConsecHitMultiplier (key: consecHit)
[ArenaRatingManager] Registered multiplier: KillstreakMultiplier (key: killstreak)
[ArenaRatingManager] Registered point gain: KillPointGain
[ArenaRatingManager] Registered point gain: PlayerDamagePointGain
[ArenaRatingManager] Initialized with 2 multiplier type(s) and 2 point gain(s)
[ArenaRatingManager] Registered player 1 with 2 multiplier(s)
[ArenaRatingManager] Registered player 2 with 2 multiplier(s)
]]></output>
        </test-case>
        <test-case id="1070" name="MissResetsConsecHit_NextHitBackToBase" fullname="ArenaRatingManagerTests.MissResetsConsecHit_NextHitBackToBase" methodname="MissResetsConsecHit_NextHitBackToBase" classname="ArenaRatingManagerTests" runstate="Runnable" seed="1028912687" result="Passed" start-time="2026-06-15 22:23:42Z" end-time="2026-06-15 22:23:42Z" duration="0.001839" asserts="0">
          <properties>
            <property name="retryIteration" value="0" />
            <property name="repeatIteration" value="0" />
          </properties>
          <output><![CDATA[[ArenaRatingManager] Registered multiplier: ConsecHitMultiplier (key: consecHit)
[ArenaRatingManager] Registered multiplier: KillstreakMultiplier (key: killstreak)
[ArenaRatingManager] Registered point gain: KillPointGain
[ArenaRatingManager] Registered point gain: PlayerDamagePointGain
[ArenaRatingManager] Initialized with 2 multiplier type(s) and 2 point gain(s)
[ArenaRatingManager] Registered player 1 with 2 multiplier(s)
[ArenaRatingManager] Registered player 2 with 2 multiplier(s)
]]></output>
        </test-case>
        <test-case id="1064" name="OneKill_Awards100Points" fullname="ArenaRatingManagerTests.OneKill_Awards100Points" methodname="OneKill_Awards100Points" classname="ArenaRatingManagerTests" runstate="Runnable" seed="72049669" result="Passed" start-time="2026-06-15 22:23:42Z" end-time="2026-06-15 22:23:42Z" duration="0.001443" asserts="0">
          <properties>
            <property name="retryIteration" value="0" />
            <property name="repeatIteration" value="0" />
          </properties>
          <output><![CDATA[[ArenaRatingManager] Registered multiplier: ConsecHitMultiplier (key: consecHit)
[ArenaRatingManager] Registered multiplier: KillstreakMultiplier (key: killstreak)
[ArenaRatingManager] Registered point gain: KillPointGain
[ArenaRatingManager] Registered point gain: PlayerDamagePointGain
[ArenaRatingManager] Initialized with 2 multiplier type(s) and 2 point gain(s)
[ArenaRatingManager] Registered player 1 with 2 multiplier(s)
[ArenaRatingManager] Registered player 2 with 2 multiplier(s)
]]></output>
        </test-case>
        <test-case id="1068" name="SingleDamageHit_AwardsDamageAsPoints" fullname="ArenaRatingManagerTests.SingleDamageHit_AwardsDamageAsPoints" methodname="SingleDamageHit_AwardsDamageAsPoints" classname="ArenaRatingManagerTests" runstate="Runnable" seed="324348274" result="Passed" start-time="2026-06-15 22:23:42Z" end-time="2026-06-15 22:23:42Z" duration="0.001565" asserts="0">
          <properties>
            <property name="retryIteration" value="0" />
            <property name="repeatIteration" value="0" />
          </properties>
          <output><![CDATA[[ArenaRatingManager] Registered multiplier: ConsecHitMultiplier (key: consecHit)
[ArenaRatingManager] Registered multiplier: KillstreakMultiplier (key: killstreak)
[ArenaRatingManager] Registered point gain: KillPointGain
[ArenaRatingManager] Registered point gain: PlayerDamagePointGain
[ArenaRatingManager] Initialized with 2 multiplier type(s) and 2 point gain(s)
[ArenaRatingManager] Registered player 1 with 2 multiplier(s)
[ArenaRatingManager] Registered player 2 with 2 multiplier(s)
]]></output>
        </test-case>
        <test-case id="1072" name="SloppyPlayer_VsCleanPlayer_HasVastlyLessRating" fullname="ArenaRatingManagerTests.SloppyPlayer_VsCleanPlayer_HasVastlyLessRating" methodname="SloppyPlayer_VsCleanPlayer_HasVastlyLessRating" classname="ArenaRatingManagerTests" runstate="Runnable" seed="708797199" result="Passed" start-time="2026-06-15 22:23:42Z" end-time="2026-06-15 22:23:42Z" duration="0.002107" asserts="0">
          <properties>
            <property name="retryIteration" value="0" />
            <property name="repeatIteration" value="0" />
          </properties>
          <output><![CDATA[[ArenaRatingManager] Registered multiplier: ConsecHitMultiplier (key: consecHit)
[ArenaRatingManager] Registered multiplier: KillstreakMultiplier (key: killstreak)
[ArenaRatingManager] Registered point gain: KillPointGain
[ArenaRatingManager] Registered point gain: PlayerDamagePointGain
[ArenaRatingManager] Initialized with 2 multiplier type(s) and 2 point gain(s)
[ArenaRatingManager] Registered player 1 with 2 multiplier(s)
[ArenaRatingManager] Registered player 2 with 2 multiplier(s)
[ArenaRatingManager] Registered player 3 with 2 multiplier(s)
]]></output>
        </test-case>
        <test-case id="1065" name="ThreeKills_DeathBetweenEach_Awards300Points" fullname="ArenaRatingManagerTests.ThreeKills_DeathBetweenEach_Awards300Points" methodname="ThreeKills_DeathBetweenEach_Awards300Points" classname="ArenaRatingManagerTests" runstate="Runnable" seed="1853402449" result="Passed" start-time="2026-06-15 22:23:42Z" end-time="2026-06-15 22:23:42Z" duration="0.001447" asserts="0">
          <properties>
            <property name="retryIteration" value="0" />
            <property name="repeatIteration" value="0" />
          </properties>
          <output><![CDATA[[ArenaRatingManager] Registered multiplier: ConsecHitMultiplier (key: consecHit)
[ArenaRatingManager] Registered multiplier: KillstreakMultiplier (key: killstreak)
[ArenaRatingManager] Registered point gain: KillPointGain
[ArenaRatingManager] Registered point gain: PlayerDamagePointGain
[ArenaRatingManager] Initialized with 2 multiplier type(s) and 2 point gain(s)
[ArenaRatingManager] Registered player 1 with 2 multiplier(s)
[ArenaRatingManager] Registered player 2 with 2 multiplier(s)
]]></output>
        </test-case>
        <test-case id="1067" name="ThreeKills_NoDeaths_Awards600Points" fullname="ArenaRatingManagerTests.ThreeKills_NoDeaths_Awards600Points" methodname="ThreeKills_NoDeaths_Awards600Points" classname="ArenaRatingManagerTests" runstate="Runnable" seed="352577210" result="Passed" start-time="2026-06-15 22:23:42Z" end-time="2026-06-15 22:23:42Z" duration="0.001448" asserts="0">
          <properties>
            <property name="retryIteration" value="0" />
            <property name="repeatIteration" value="0" />
          </properties>
          <output><![CDATA[[ArenaRatingManager] Registered multiplier: ConsecHitMultiplier (key: consecHit)
[ArenaRatingManager] Registered multiplier: KillstreakMultiplier (key: killstreak)
[ArenaRatingManager] Registered point gain: KillPointGain
[ArenaRatingManager] Registered point gain: PlayerDamagePointGain
[ArenaRatingManager] Initialized with 2 multiplier type(s) and 2 point gain(s)
[ArenaRatingManager] Registered player 1 with 2 multiplier(s)
[ArenaRatingManager] Registered player 2 with 2 multiplier(s)
]]></output>
        </test-case>
        <test-case id="1066" name="TwoKillsThenDeathThenOneKill_Awards400Points" fullname="ArenaRatingManagerTests.TwoKillsThenDeathThenOneKill_Awards400Points" methodname="TwoKillsThenDeathThenOneKill_Awards400Points" classname="ArenaRatingManagerTests" runstate="Runnable" seed="1024445565" result="Passed" start-time="2026-06-15 22:23:42Z" end-time="2026-06-15 22:23:42Z" duration="0.001424" asserts="0">
          <properties>
            <property name="retryIteration" value="0" />
            <property name="repeatIteration" value="0" />
          </properties>
          <output><![CDATA[[ArenaRatingManager] Registered multiplier: ConsecHitMultiplier (key: consecHit)
[ArenaRatingManager] Registered multiplier: KillstreakMultiplier (key: killstreak)
[ArenaRatingManager] Registered point gain: KillPointGain
[ArenaRatingManager] Registered point gain: PlayerDamagePointGain
[ArenaRatingManager] Initialized with 2 multiplier type(s) and 2 point gain(s)
[ArenaRatingManager] Registered player 1 with 2 multiplier(s)
[ArenaRatingManager] Registered player 2 with 2 multiplier(s)
]]></output>
        </test-case>
      </test-suite>
      <test-suite type="TestFixture" id="1073" name="ArenaRoundManagerTests" fullname="ArenaRoundManagerTests" classname="ArenaRoundManagerTests" runstate="Runnable" testcasecount="22" result="Passed" start-time="2026-06-15 22:23:42Z" end-time="2026-06-15 22:23:59Z" duration="16.582447" total="22" passed="22" failed="0" inconclusive="0" skipped="0" asserts="0">
        <properties />
        <test-case id="1082" name="EndMatch_AutoStartsNextRoundIfConfigured" fullname="ArenaRoundManagerTests.EndMatch_AutoStartsNextRoundIfConfigured" methodname="EndMatch_AutoStartsNextRoundIfConfigured" classname="ArenaRoundManagerTests" runstate="Runnable" seed="28884651" result="Passed" start-time="2026-06-15 22:23:42Z" end-time="2026-06-15 22:23:48Z" duration="6.008804" asserts="0">
          <properties>
            <property name="retryIteration" value="0" />
            <property name="repeatIteration" value="0" />
          </properties>
          <output><![CDATA[[ArenaRatingManager] Registered multiplier: ConsecHitMultiplier (key: consecHit)
[ArenaRatingManager] Registered multiplier: KillstreakMultiplier (key: killstreak)
[ArenaRatingManager] Registered point gain: KillPointGain
[ArenaRatingManager] Registered point gain: PlayerDamagePointGain
[ArenaRatingManager] Initialized with 2 multiplier type(s) and 2 point gain(s)
[ArenaRatingManager] Registered multiplier: ConsecHitMultiplier (key: consecHit)
[ArenaRatingManager] Registered multiplier: KillstreakMultiplier (key: killstreak)
[ArenaRatingManager] Registered point gain: KillPointGain
[ArenaRatingManager] Registered point gain: PlayerDamagePointGain
[ArenaRatingManager] Initialized with 2 multiplier type(s) and 2 point gain(s)
]]></output>
        </test-case>
        <test-case id="1084" name="EndMatch_DoesNothingIfMatchNotActive" fullname="ArenaRoundManagerTests.EndMatch_DoesNothingIfMatchNotActive" methodname="EndMatch_DoesNothingIfMatchNotActive" classname="ArenaRoundManagerTests" runstate="Runnable" seed="1888561325" result="Passed" start-time="2026-06-15 22:23:48Z" end-time="2026-06-15 22:23:48Z" duration="0.005913" asserts="0">
          <properties>
            <property name="retryIteration" value="0" />
            <property name="repeatIteration" value="0" />
          </properties>
          <output><![CDATA[[ArenaRatingManager] Registered multiplier: ConsecHitMultiplier (key: consecHit)
[ArenaRatingManager] Registered multiplier: KillstreakMultiplier (key: killstreak)
[ArenaRatingManager] Registered point gain: KillPointGain
[ArenaRatingManager] Registered point gain: PlayerDamagePointGain
[ArenaRatingManager] Initialized with 2 multiplier type(s) and 2 point gain(s)
]]></output>
        </test-case>
        <test-case id="1083" name="EndMatch_FiresMatchCountdownEventIfAutoStart" fullname="ArenaRoundManagerTests.EndMatch_FiresMatchCountdownEventIfAutoStart" methodname="EndMatch_FiresMatchCountdownEventIfAutoStart" classname="ArenaRoundManagerTests" runstate="Runnable" seed="388841131" result="Passed" start-time="2026-06-15 22:23:48Z" end-time="2026-06-15 22:23:54Z" duration="6.009423" asserts="0">
          <properties>
            <property name="retryIteration" value="0" />
            <property name="repeatIteration" value="0" />
          </properties>
          <output><![CDATA[[ArenaRatingManager] Registered multiplier: ConsecHitMultiplier (key: consecHit)
[ArenaRatingManager] Registered multiplier: KillstreakMultiplier (key: killstreak)
[ArenaRatingManager] Registered point gain: KillPointGain
[ArenaRatingManager] Registered point gain: PlayerDamagePointGain
[ArenaRatingManager] Initialized with 2 multiplier type(s) and 2 point gain(s)
[ArenaRatingManager] Registered multiplier: ConsecHitMultiplier (key: consecHit)
[ArenaRatingManager] Registered multiplier: KillstreakMultiplier (key: killstreak)
[ArenaRatingManager] Registered point gain: KillPointGain
[ArenaRatingManager] Registered point gain: PlayerDamagePointGain
[ArenaRatingManager] Initialized with 2 multiplier type(s) and 2 point gain(s)
]]></output>
        </test-case>
        <test-case id="1080" name="EndMatch_FiresMatchStateChangeEvent" fullname="ArenaRoundManagerTests.EndMatch_FiresMatchStateChangeEvent" methodname="EndMatch_FiresMatchStateChangeEvent" classname="ArenaRoundManagerTests" runstate="Runnable" seed="1265235993" result="Passed" start-time="2026-06-15 22:23:54Z" end-time="2026-06-15 22:23:54Z" duration="0.003398" asserts="0">
          <properties>
            <property name="retryIteration" value="0" />
            <property name="repeatIteration" value="0" />
          </properties>
          <output><![CDATA[[ArenaRatingManager] Registered multiplier: ConsecHitMultiplier (key: consecHit)
[ArenaRatingManager] Registered multiplier: KillstreakMultiplier (key: killstreak)
[ArenaRatingManager] Registered point gain: KillPointGain
[ArenaRatingManager] Registered point gain: PlayerDamagePointGain
[ArenaRatingManager] Initialized with 2 multiplier type(s) and 2 point gain(s)
]]></output>
        </test-case>
        <test-case id="1079" name="EndMatch_FiresOnMatchEndEvent" fullname="ArenaRoundManagerTests.EndMatch_FiresOnMatchEndEvent" methodname="EndMatch_FiresOnMatchEndEvent" classname="ArenaRoundManagerTests" runstate="Runnable" seed="160887581" result="Passed" start-time="2026-06-15 22:23:54Z" end-time="2026-06-15 22:23:54Z" duration="0.002934" asserts="0">
          <properties>
            <property name="retryIteration" value="0" />
            <property name="repeatIteration" value="0" />
          </properties>
          <output><![CDATA[[ArenaRatingManager] Registered multiplier: ConsecHitMultiplier (key: consecHit)
[ArenaRatingManager] Registered multiplier: KillstreakMultiplier (key: killstreak)
[ArenaRatingManager] Registered point gain: KillPointGain
[ArenaRatingManager] Registered point gain: PlayerDamagePointGain
[ArenaRatingManager] Initialized with 2 multiplier type(s) and 2 point gain(s)
]]></output>
        </test-case>
        <test-case id="1081" name="EndMatch_UpdatesTheMatchStatus" fullname="ArenaRoundManagerTests.EndMatch_UpdatesTheMatchStatus" methodname="EndMatch_UpdatesTheMatchStatus" classname="ArenaRoundManagerTests" runstate="Runnable" seed="1196020960" result="Passed" start-time="2026-06-15 22:23:54Z" end-time="2026-06-15 22:23:54Z" duration="0.002540" asserts="0">
          <properties>
            <property name="retryIteration" value="0" />
            <property name="repeatIteration" value="0" />
          </properties>
          <output><![CDATA[[ArenaRatingManager] Registered multiplier: ConsecHitMultiplier (key: consecHit)
[ArenaRatingManager] Registered multiplier: KillstreakMultiplier (key: killstreak)
[ArenaRatingManager] Registered point gain: KillPointGain
[ArenaRatingManager] Registered point gain: PlayerDamagePointGain
[ArenaRatingManager] Initialized with 2 multiplier type(s) and 2 point gain(s)
]]></output>
        </test-case>
        <test-case id="1095" name="GetLeaderboard_GetsAllPlayerRankingsDependentOnStats" fullname="ArenaRoundManagerTests.GetLeaderboard_GetsAllPlayerRankingsDependentOnStats" methodname="GetLeaderboard_GetsAllPlayerRankingsDependentOnStats" classname="ArenaRoundManagerTests" runstate="Runnable" seed="1590697983" result="Passed" start-time="2026-06-15 22:23:54Z" end-time="2026-06-15 22:23:54Z" duration="0.005231" asserts="0">
          <properties>
            <property name="retryIteration" value="0" />
            <property name="repeatIteration" value="0" />
          </properties>
          <output><![CDATA[[ArenaRatingManager] Registered multiplier: ConsecHitMultiplier (key: consecHit)
[ArenaRatingManager] Registered multiplier: KillstreakMultiplier (key: killstreak)
[ArenaRatingManager] Registered point gain: KillPointGain
[ArenaRatingManager] Registered point gain: PlayerDamagePointGain
[ArenaRatingManager] Initialized with 2 multiplier type(s) and 2 point gain(s)
[ArenaRatingManager] Registered player 1 with 2 multiplier(s)
[ArenaRatingManager] Registered player 2 with 2 multiplier(s)
[ArenaRatingManager] Registered player 3 with 2 multiplier(s)
[ArenaRatingManager] Registered player 4 with 2 multiplier(s)
]]></output>
        </test-case>
        <test-case id="1077" name="OnPlayerKilled_DoesNotUpdateLeaderIfRoundNotActive" fullname="ArenaRoundManagerTests.OnPlayerKilled_DoesNotUpdateLeaderIfRoundNotActive" methodname="OnPlayerKilled_DoesNotUpdateLeaderIfRoundNotActive" classname="ArenaRoundManagerTests" runstate="Runnable" seed="958664488" result="Passed" start-time="2026-06-15 22:23:54Z" end-time="2026-06-15 22:23:54Z" duration="0.001760" asserts="0">
          <properties>
            <property name="retryIteration" value="0" />
            <property name="repeatIteration" value="0" />
          </properties>
          <output><![CDATA[[ArenaRatingManager] Registered multiplier: ConsecHitMultiplier (key: consecHit)
[ArenaRatingManager] Registered multiplier: KillstreakMultiplier (key: killstreak)
[ArenaRatingManager] Registered point gain: KillPointGain
[ArenaRatingManager] Registered point gain: PlayerDamagePointGain
[ArenaRatingManager] Initialized with 2 multiplier type(s) and 2 point gain(s)
[ArenaRatingManager] Registered player 1 with 2 multiplier(s)
[ArenaRatingManager] Registered player 2 with 2 multiplier(s)
]]></output>
        </test-case>
        <test-case id="1078" name="OnPlayerKilled_EndMatchIfRatingThresholdPassed" fullname="ArenaRoundManagerTests.OnPlayerKilled_EndMatchIfRatingThresholdPassed" methodname="OnPlayerKilled_EndMatchIfRatingThresholdPassed" classname="ArenaRoundManagerTests" runstate="Runnable" seed="2117844346" result="Passed" start-time="2026-06-15 22:23:54Z" end-time="2026-06-15 22:23:54Z" duration="0.003405" asserts="0">
          <properties>
            <property name="retryIteration" value="0" />
            <property name="repeatIteration" value="0" />
          </properties>
          <output><![CDATA[[ArenaRatingManager] Registered multiplier: ConsecHitMultiplier (key: consecHit)
[ArenaRatingManager] Registered multiplier: KillstreakMultiplier (key: killstreak)
[ArenaRatingManager] Registered point gain: KillPointGain
[ArenaRatingManager] Registered point gain: PlayerDamagePointGain
[ArenaRatingManager] Initialized with 2 multiplier type(s) and 2 point gain(s)
[ArenaRatingManager] Registered multiplier: ConsecHitMultiplier (key: consecHit)
[ArenaRatingManager] Registered multiplier: KillstreakMultiplier (key: killstreak)
[ArenaRatingManager] Registered point gain: KillPointGain
[ArenaRatingManager] Registered point gain: PlayerDamagePointGain
[ArenaRatingManager] Initialized with 2 multiplier type(s) and 2 point gain(s)
[ArenaRatingManager] Registered player 1 with 2 multiplier(s)
[ArenaRatingManager] Registered player 1 with 2 multiplier(s)
[ArenaRatingManager] Registered player 2 with 2 multiplier(s)
[ArenaRatingManager] Registered player 2 with 2 multiplier(s)
]]></output>
        </test-case>
        <test-case id="1076" name="OnPlayerKilled_UpdatesLeaderIfRoundStarted" fullname="ArenaRoundManagerTests.OnPlayerKilled_UpdatesLeaderIfRoundStarted" methodname="OnPlayerKilled_UpdatesLeaderIfRoundStarted" classname="ArenaRoundManagerTests" runstate="Runnable" seed="1738126958" result="Passed" start-time="2026-06-15 22:23:54Z" end-time="2026-06-15 22:23:54Z" duration="0.001532" asserts="0">
          <properties>
            <property name="retryIteration" value="0" />
            <property name="repeatIteration" value="0" />
          </properties>
          <output><![CDATA[[ArenaRatingManager] Registered multiplier: ConsecHitMultiplier (key: consecHit)
[ArenaRatingManager] Registered multiplier: KillstreakMultiplier (key: killstreak)
[ArenaRatingManager] Registered point gain: KillPointGain
[ArenaRatingManager] Registered point gain: PlayerDamagePointGain
[ArenaRatingManager] Initialized with 2 multiplier type(s) and 2 point gain(s)
[ArenaRatingManager] Registered player 1 with 2 multiplier(s)
[ArenaRatingManager] Registered player 2 with 2 multiplier(s)
]]></output>
        </test-case>
        <test-case id="1075" name="SecondsRemainingForMatch_ReturnsCalculatedTimeIfMatchRunning" fullname="ArenaRoundManagerTests.SecondsRemainingForMatch_ReturnsCalculatedTimeIfMatchRunning" methodname="SecondsRemainingForMatch_ReturnsCalculatedTimeIfMatchRunning" classname="ArenaRoundManagerTests" runstate="Runnable" seed="1759287818" result="Passed" start-time="2026-06-15 22:23:54Z" end-time="2026-06-15 22:23:54Z" duration="0.002596" asserts="0">
          <properties>
            <property name="retryIteration" value="0" />
            <property name="repeatIteration" value="0" />
          </properties>
          <output><![CDATA[[ArenaRatingManager] Registered multiplier: ConsecHitMultiplier (key: consecHit)
[ArenaRatingManager] Registered multiplier: KillstreakMultiplier (key: killstreak)
[ArenaRatingManager] Registered point gain: KillPointGain
[ArenaRatingManager] Registered point gain: PlayerDamagePointGain
[ArenaRatingManager] Initialized with 2 multiplier type(s) and 2 point gain(s)
[ArenaRatingManager] Registered multiplier: ConsecHitMultiplier (key: consecHit)
[ArenaRatingManager] Registered multiplier: KillstreakMultiplier (key: killstreak)
[ArenaRatingManager] Registered point gain: KillPointGain
[ArenaRatingManager] Registered point gain: PlayerDamagePointGain
[ArenaRatingManager] Initialized with 2 multiplier type(s) and 2 point gain(s)
]]></output>
        </test-case>
        <test-case id="1074" name="SecondsRemainingForMatch_ReturnsZeroIfUnknownMatchStartTime" fullname="ArenaRoundManagerTests.SecondsRemainingForMatch_ReturnsZeroIfUnknownMatchStartTime" methodname="SecondsRemainingForMatch_ReturnsZeroIfUnknownMatchStartTime" classname="ArenaRoundManagerTests" runstate="Runnable" seed="288906887" result="Passed" start-time="2026-06-15 22:23:54Z" end-time="2026-06-15 22:23:54Z" duration="0.001271" asserts="0">
          <properties>
            <property name="retryIteration" value="0" />
            <property name="repeatIteration" value="0" />
          </properties>
          <output><![CDATA[[ArenaRatingManager] Registered multiplier: ConsecHitMultiplier (key: consecHit)
[ArenaRatingManager] Registered multiplier: KillstreakMultiplier (key: killstreak)
[ArenaRatingManager] Registered point gain: KillPointGain
[ArenaRatingManager] Registered point gain: PlayerDamagePointGain
[ArenaRatingManager] Initialized with 2 multiplier type(s) and 2 point gain(s)
]]></output>
        </test-case>
        <test-case id="1088" name="StartMatchCountdown_ActuallyStartsTheMatch" fullname="ArenaRoundManagerTests.StartMatchCountdown_ActuallyStartsTheMatch" methodname="StartMatchCountdown_ActuallyStartsTheMatch" classname="ArenaRoundManagerTests" runstate="Runnable" seed="1634504879" result="Passed" start-time="2026-06-15 22:23:54Z" end-time="2026-06-15 22:23:55Z" duration="0.504374" asserts="0">
          <properties>
            <property name="retryIteration" value="0" />
            <property name="repeatIteration" value="0" />
          </properties>
          <output><![CDATA[[ArenaRatingManager] Registered multiplier: ConsecHitMultiplier (key: consecHit)
[ArenaRatingManager] Registered multiplier: KillstreakMultiplier (key: killstreak)
[ArenaRatingManager] Registered point gain: KillPointGain
[ArenaRatingManager] Registered point gain: PlayerDamagePointGain
[ArenaRatingManager] Initialized with 2 multiplier type(s) and 2 point gain(s)
[ArenaRatingManager] Registered multiplier: ConsecHitMultiplier (key: consecHit)
[ArenaRatingManager] Registered multiplier: KillstreakMultiplier (key: killstreak)
[ArenaRatingManager] Registered point gain: KillPointGain
[ArenaRatingManager] Registered point gain: PlayerDamagePointGain
[ArenaRatingManager] Initialized with 2 multiplier type(s) and 2 point gain(s)
]]></output>
        </test-case>
        <test-case id="1086" name="StartMatchCountdown_FiresEventWithCountdownSeconds" fullname="ArenaRoundManagerTests.StartMatchCountdown_FiresEventWithCountdownSeconds" methodname="StartMatchCountdown_FiresEventWithCountdownSeconds" classname="ArenaRoundManagerTests" runstate="Runnable" seed="665602019" result="Passed" start-time="2026-06-15 22:23:55Z" end-time="2026-06-15 22:23:56Z" duration="1.003958" asserts="0">
          <properties>
            <property name="retryIteration" value="0" />
            <property name="repeatIteration" value="0" />
          </properties>
          <output><![CDATA[[ArenaRatingManager] Registered multiplier: ConsecHitMultiplier (key: consecHit)
[ArenaRatingManager] Registered multiplier: KillstreakMultiplier (key: killstreak)
[ArenaRatingManager] Registered point gain: KillPointGain
[ArenaRatingManager] Registered point gain: PlayerDamagePointGain
[ArenaRatingManager] Initialized with 2 multiplier type(s) and 2 point gain(s)
]]></output>
        </test-case>
        <test-case id="1087" name="StartMatchCountdown_FiresMatchStateChangeEvent" fullname="ArenaRoundManagerTests.StartMatchCountdown_FiresMatchStateChangeEvent" methodname="StartMatchCountdown_FiresMatchStateChangeEvent" classname="ArenaRoundManagerTests" runstate="Runnable" seed="1324938295" result="Passed" start-time="2026-06-15 22:23:56Z" end-time="2026-06-15 22:23:56Z" duration="0.003043" asserts="0">
          <properties>
            <property name="retryIteration" value="0" />
            <property name="repeatIteration" value="0" />
          </properties>
          <output><![CDATA[[ArenaRatingManager] Registered multiplier: ConsecHitMultiplier (key: consecHit)
[ArenaRatingManager] Registered multiplier: KillstreakMultiplier (key: killstreak)
[ArenaRatingManager] Registered point gain: KillPointGain
[ArenaRatingManager] Registered point gain: PlayerDamagePointGain
[ArenaRatingManager] Initialized with 2 multiplier type(s) and 2 point gain(s)
]]></output>
        </test-case>
        <test-case id="1085" name="StartMatchCountdown_UpdatesMatchStateDuringCountdown" fullname="ArenaRoundManagerTests.StartMatchCountdown_UpdatesMatchStateDuringCountdown" methodname="StartMatchCountdown_UpdatesMatchStateDuringCountdown" classname="ArenaRoundManagerTests" runstate="Runnable" seed="2066182440" result="Passed" start-time="2026-06-15 22:23:56Z" end-time="2026-06-15 22:23:57Z" duration="1.003196" asserts="0">
          <properties>
            <property name="retryIteration" value="0" />
            <property name="repeatIteration" value="0" />
          </properties>
          <output><![CDATA[[ArenaRatingManager] Registered multiplier: ConsecHitMultiplier (key: consecHit)
[ArenaRatingManager] Registered multiplier: KillstreakMultiplier (key: killstreak)
[ArenaRatingManager] Registered point gain: KillPointGain
[ArenaRatingManager] Registered point gain: PlayerDamagePointGain
[ArenaRatingManager] Initialized with 2 multiplier type(s) and 2 point gain(s)
]]></output>
        </test-case>
        <test-case id="1092" name="StartMatchWithoutCountdown_DoesNothingIfMatchAlreadyActive" fullname="ArenaRoundManagerTests.StartMatchWithoutCountdown_DoesNothingIfMatchAlreadyActive" methodname="StartMatchWithoutCountdown_DoesNothingIfMatchAlreadyActive" classname="ArenaRoundManagerTests" runstate="Runnable" seed="1919695093" result="Passed" start-time="2026-06-15 22:23:57Z" end-time="2026-06-15 22:23:57Z" duration="0.001866" asserts="0">
          <properties>
            <property name="retryIteration" value="0" />
            <property name="repeatIteration" value="0" />
          </properties>
          <output><![CDATA[[ArenaRatingManager] Registered multiplier: ConsecHitMultiplier (key: consecHit)
[ArenaRatingManager] Registered multiplier: KillstreakMultiplier (key: killstreak)
[ArenaRatingManager] Registered point gain: KillPointGain
[ArenaRatingManager] Registered point gain: PlayerDamagePointGain
[ArenaRatingManager] Initialized with 2 multiplier type(s) and 2 point gain(s)
]]></output>
        </test-case>
        <test-case id="1091" name="StartMatchWithoutCountdown_FiresMatchStateChangeEvent" fullname="ArenaRoundManagerTests.StartMatchWithoutCountdown_FiresMatchStateChangeEvent" methodname="StartMatchWithoutCountdown_FiresMatchStateChangeEvent" classname="ArenaRoundManagerTests" runstate="Runnable" seed="350553600" result="Passed" start-time="2026-06-15 22:23:57Z" end-time="2026-06-15 22:23:57Z" duration="0.001415" asserts="0">
          <properties>
            <property name="retryIteration" value="0" />
            <property name="repeatIteration" value="0" />
          </properties>
          <output><![CDATA[[ArenaRatingManager] Registered multiplier: ConsecHitMultiplier (key: consecHit)
[ArenaRatingManager] Registered multiplier: KillstreakMultiplier (key: killstreak)
[ArenaRatingManager] Registered point gain: KillPointGain
[ArenaRatingManager] Registered point gain: PlayerDamagePointGain
[ArenaRatingManager] Initialized with 2 multiplier type(s) and 2 point gain(s)
]]></output>
        </test-case>
        <test-case id="1090" name="StartMatchWithoutCountdown_FiresOnMatchStartEvent" fullname="ArenaRoundManagerTests.StartMatchWithoutCountdown_FiresOnMatchStartEvent" methodname="StartMatchWithoutCountdown_FiresOnMatchStartEvent" classname="ArenaRoundManagerTests" runstate="Runnable" seed="1791362678" result="Passed" start-time="2026-06-15 22:23:57Z" end-time="2026-06-15 22:23:57Z" duration="0.001160" asserts="0">
          <properties>
            <property name="retryIteration" value="0" />
            <property name="repeatIteration" value="0" />
          </properties>
          <output><![CDATA[[ArenaRatingManager] Registered multiplier: ConsecHitMultiplier (key: consecHit)
[ArenaRatingManager] Registered multiplier: KillstreakMultiplier (key: killstreak)
[ArenaRatingManager] Registered point gain: KillPointGain
[ArenaRatingManager] Registered point gain: PlayerDamagePointGain
[ArenaRatingManager] Initialized with 2 multiplier type(s) and 2 point gain(s)
]]></output>
        </test-case>
        <test-case id="1094" name="StartMatchWithoutCountdown_LoopsMatchEndCheck" fullname="ArenaRoundManagerTests.StartMatchWithoutCountdown_LoopsMatchEndCheck" methodname="StartMatchWithoutCountdown_LoopsMatchEndCheck" classname="ArenaRoundManagerTests" runstate="Runnable" seed="1719030919" result="Passed" start-time="2026-06-15 22:23:57Z" end-time="2026-06-15 22:23:59Z" duration="2.005544" asserts="0">
          <properties>
            <property name="retryIteration" value="0" />
            <property name="repeatIteration" value="0" />
          </properties>
          <output><![CDATA[[ArenaRatingManager] Registered multiplier: ConsecHitMultiplier (key: consecHit)
[ArenaRatingManager] Registered multiplier: KillstreakMultiplier (key: killstreak)
[ArenaRatingManager] Registered point gain: KillPointGain
[ArenaRatingManager] Registered point gain: PlayerDamagePointGain
[ArenaRatingManager] Initialized with 2 multiplier type(s) and 2 point gain(s)
[ArenaRatingManager] Registered multiplier: ConsecHitMultiplier (key: consecHit)
[ArenaRatingManager] Registered multiplier: KillstreakMultiplier (key: killstreak)
[ArenaRatingManager] Registered point gain: KillPointGain
[ArenaRatingManager] Registered point gain: PlayerDamagePointGain
[ArenaRatingManager] Initialized with 2 multiplier type(s) and 2 point gain(s)
]]></output>
        </test-case>
        <test-case id="1093" name="StartMatchWithoutCountdown_ResetsMatchStatTracker" fullname="ArenaRoundManagerTests.StartMatchWithoutCountdown_ResetsMatchStatTracker" methodname="StartMatchWithoutCountdown_ResetsMatchStatTracker" classname="ArenaRoundManagerTests" runstate="Runnable" seed="1055394099" result="Passed" start-time="2026-06-15 22:23:59Z" end-time="2026-06-15 22:23:59Z" duration="0.003294" asserts="0">
          <properties>
            <property name="retryIteration" value="0" />
            <property name="repeatIteration" value="0" />
          </properties>
          <output><![CDATA[[ArenaRatingManager] Registered multiplier: ConsecHitMultiplier (key: consecHit)
[ArenaRatingManager] Registered multiplier: KillstreakMultiplier (key: killstreak)
[ArenaRatingManager] Registered point gain: KillPointGain
[ArenaRatingManager] Registered point gain: PlayerDamagePointGain
[ArenaRatingManager] Initialized with 2 multiplier type(s) and 2 point gain(s)
[ArenaRatingManager] Registered player 1 with 2 multiplier(s)
[ArenaRatingManager] Registered player 2 with 2 multiplier(s)
[ArenaRatingManager] Registered player 3 with 2 multiplier(s)
[ArenaRatingManager] Registered player 4 with 2 multiplier(s)
]]></output>
        </test-case>
        <test-case id="1089" name="StartMatchWithoutCountdown_UpdatesTheMatchStatus" fullname="ArenaRoundManagerTests.StartMatchWithoutCountdown_UpdatesTheMatchStatus" methodname="StartMatchWithoutCountdown_UpdatesTheMatchStatus" classname="ArenaRoundManagerTests" runstate="Runnable" seed="1797295049" result="Passed" start-time="2026-06-15 22:23:59Z" end-time="2026-06-15 22:23:59Z" duration="0.001446" asserts="0">
          <properties>
            <property name="retryIteration" value="0" />
            <property name="repeatIteration" value="0" />
          </properties>
          <output><![CDATA[[ArenaRatingManager] Registered multiplier: ConsecHitMultiplier (key: consecHit)
[ArenaRatingManager] Registered multiplier: KillstreakMultiplier (key: killstreak)
[ArenaRatingManager] Registered point gain: KillPointGain
[ArenaRatingManager] Registered point gain: PlayerDamagePointGain
[ArenaRatingManager] Initialized with 2 multiplier type(s) and 2 point gain(s)
]]></output>
        </test-case>
      </test-suite>
    </test-suite>
    <test-suite type="Assembly" id="1128" name="LobbySystemTests.dll" fullname="C:/Users/brend/Developer/Resonance/Library/ScriptAssemblies/LobbySystemTests.dll" runstate="Runnable" testcasecount="26" result="Passed" start-time="2026-06-15 22:23:59Z" end-time="2026-06-15 22:24:07Z" duration="8.066704" total="26" passed="26" failed="0" inconclusive="0" skipped="0" asserts="0">
      <properties>
        <property name="_PID" value="23188" />
        <property name="_APPDOMAIN" value="Unity Child Domain" />
        <property name="platform" value="PlayMode" />
        <property name="EditorOnly" value="False" />
      </properties>
      <test-suite type="TestFixture" id="1097" name="LobbyIEquatableTests" fullname="LobbyIEquatableTests" classname="LobbyIEquatableTests" runstate="Runnable" testcasecount="7" result="Passed" start-time="2026-06-15 22:23:59Z" end-time="2026-06-15 22:23:59Z" duration="0.005501" total="7" passed="7" failed="0" inconclusive="0" skipped="0" asserts="0">
        <properties />
        <test-case id="1098" name="EqualLobbiesWithEmptyMembersAndProperties_AreEqual" fullname="LobbyIEquatableTests.EqualLobbiesWithEmptyMembersAndProperties_AreEqual" methodname="EqualLobbiesWithEmptyMembersAndProperties_AreEqual" classname="LobbyIEquatableTests" runstate="Runnable" seed="7091782" result="Passed" start-time="2026-06-15 22:23:59Z" end-time="2026-06-15 22:23:59Z" duration="0.001815" asserts="0">
          <properties>
            <property name="retryIteration" value="0" />
            <property name="repeatIteration" value="0" />
          </properties>
        </test-case>
        <test-case id="1100" name="LobbiesWithDifferentMemberCount_AreNotEqual" fullname="LobbyIEquatableTests.LobbiesWithDifferentMemberCount_AreNotEqual" methodname="LobbiesWithDifferentMemberCount_AreNotEqual" classname="LobbyIEquatableTests" runstate="Runnable" seed="1390426280" result="Passed" start-time="2026-06-15 22:23:59Z" end-time="2026-06-15 22:23:59Z" duration="0.001364" asserts="0">
          <properties>
            <property name="retryIteration" value="0" />
            <property name="repeatIteration" value="0" />
          </properties>
        </test-case>
        <test-case id="1104" name="LobbiesWithDifferentPropertyKeys_AreNotEqual" fullname="LobbyIEquatableTests.LobbiesWithDifferentPropertyKeys_AreNotEqual" methodname="LobbiesWithDifferentPropertyKeys_AreNotEqual" classname="LobbyIEquatableTests" runstate="Runnable" seed="843693851" result="Passed" start-time="2026-06-15 22:23:59Z" end-time="2026-06-15 22:23:59Z" duration="0.000192" asserts="0">
          <properties>
            <property name="retryIteration" value="0" />
            <property name="repeatIteration" value="0" />
          </properties>
        </test-case>
        <test-case id="1103" name="LobbiesWithDifferentPropertyValues_AreNotEqual" fullname="LobbyIEquatableTests.LobbiesWithDifferentPropertyValues_AreNotEqual" methodname="LobbiesWithDifferentPropertyValues_AreNotEqual" classname="LobbyIEquatableTests" runstate="Runnable" seed="1222162146" result="Passed" start-time="2026-06-15 22:23:59Z" end-time="2026-06-15 22:23:59Z" duration="0.000138" asserts="0">
          <properties>
            <property name="retryIteration" value="0" />
            <property name="repeatIteration" value="0" />
          </properties>
        </test-case>
        <test-case id="1101" name="LobbiesWithSameMemberCountButDifferentMemberData_AreNotEqual" fullname="LobbyIEquatableTests.LobbiesWithSameMemberCountButDifferentMemberData_AreNotEqual" methodname="LobbiesWithSameMemberCountButDifferentMemberData_AreNotEqual" classname="LobbyIEquatableTests" runstate="Runnable" seed="1423708050" result="Passed" start-time="2026-06-15 22:23:59Z" end-time="2026-06-15 22:23:59Z" duration="0.000287" asserts="0">
          <properties>
            <property name="retryIteration" value="0" />
            <property name="repeatIteration" value="0" />
          </properties>
        </test-case>
        <test-case id="1099" name="LobbiesWithSameMembers_AreEqual" fullname="LobbyIEquatableTests.LobbiesWithSameMembers_AreEqual" methodname="LobbiesWithSameMembers_AreEqual" classname="LobbyIEquatableTests" runstate="Runnable" seed="1121111627" result="Passed" start-time="2026-06-15 22:23:59Z" end-time="2026-06-15 22:23:59Z" duration="0.000159" asserts="0">
          <properties>
            <property name="retryIteration" value="0" />
            <property name="repeatIteration" value="0" />
          </properties>
        </test-case>
        <test-case id="1102" name="LobbiesWithSameProperties_AreEqual" fullname="LobbyIEquatableTests.LobbiesWithSameProperties_AreEqual" methodname="LobbiesWithSameProperties_AreEqual" classname="LobbyIEquatableTests" runstate="Runnable" seed="1818705792" result="Passed" start-time="2026-06-15 22:23:59Z" end-time="2026-06-15 22:23:59Z" duration="0.000179" asserts="0">
          <properties>
            <property name="retryIteration" value="0" />
            <property name="repeatIteration" value="0" />
          </properties>
        </test-case>
      </test-suite>
      <test-suite type="TestFixture" id="1105" name="LobbyJsonTests" fullname="LobbyJsonTests" classname="LobbyJsonTests" runstate="Runnable" testcasecount="1" result="Passed" start-time="2026-06-15 22:23:59Z" end-time="2026-06-15 22:23:59Z" duration="0.020701" total="1" passed="1" failed="0" inconclusive="0" skipped="0" asserts="0">
        <properties />
[...]
          <properties>
            <property name="retryIteration" value="0" />
            <property name="repeatIteration" value="0" />
          </properties>
        </test-case>
        <test-case id="1323" name="PushScreenView_RegisteredView_SetsActiveScreenViewKey" fullname="ViewRouterTests.PushScreenView_RegisteredView_SetsActiveScreenViewKey" methodname="PushScreenView_RegisteredView_SetsActiveScreenViewKey" classname="ViewRouterTests" runstate="Runnable" seed="217217697" result="Passed" start-time="2026-06-15 22:24:18Z" end-time="2026-06-15 22:24:18Z" duration="0.000190" asserts="0">
          <properties>
            <property name="retryIteration" value="0" />
            <property name="repeatIteration" value="0" />
          </properties>
        </test-case>
        <test-case id="1325" name="PushScreenView_SameKeyAlreadyOnTop_IsNoOp" fullname="ViewRouterTests.PushScreenView_SameKeyAlreadyOnTop_IsNoOp" methodname="PushScreenView_SameKeyAlreadyOnTop_IsNoOp" classname="ViewRouterTests" runstate="Runnable" seed="1956558936" result="Passed" start-time="2026-06-15 22:24:18Z" end-time="2026-06-15 22:24:18Z" duration="0.000148" asserts="0">
          <properties>
            <property name="retryIteration" value="0" />
            <property name="repeatIteration" value="0" />
          </properties>
        </test-case>
        <test-case id="1338" name="PushScreenView_SecondScreen_ReenablesFirstScreenUniqueInputMaps" fullname="ViewRouterTests.PushScreenView_SecondScreen_ReenablesFirstScreenUniqueInputMaps" methodname="PushScreenView_SecondScreen_ReenablesFirstScreenUniqueInputMaps" classname="ViewRouterTests" runstate="Runnable" seed="367942306" result="Passed" start-time="2026-06-15 22:24:18Z" end-time="2026-06-15 22:24:18Z" duration="0.000255" asserts="0">
          <properties>
            <property name="retryIteration" value="0" />
            <property name="repeatIteration" value="0" />
          </properties>
        </test-case>
        <test-case id="1339" name="PushScreenView_SharedInputMapBetweenOldAndNewTop_StaysDisabled" fullname="ViewRouterTests.PushScreenView_SharedInputMapBetweenOldAndNewTop_StaysDisabled" methodname="PushScreenView_SharedInputMapBetweenOldAndNewTop_StaysDisabled" classname="ViewRouterTests" runstate="Runnable" seed="671301126" result="Passed" start-time="2026-06-15 22:24:18Z" end-time="2026-06-15 22:24:18Z" duration="0.000215" asserts="0">
          <properties>
            <property name="retryIteration" value="0" />
            <property name="repeatIteration" value="0" />
          </properties>
        </test-case>
        <test-case id="1328" name="PushScreenView_SubsequentPush_InjectsNonNullBack" fullname="ViewRouterTests.PushScreenView_SubsequentPush_InjectsNonNullBack" methodname="PushScreenView_SubsequentPush_InjectsNonNullBack" classname="ViewRouterTests" runstate="Runnable" seed="237745970" result="Passed" start-time="2026-06-15 22:24:18Z" end-time="2026-06-15 22:24:18Z" duration="0.000154" asserts="0">
          <properties>
            <property name="retryIteration" value="0" />
            <property name="repeatIteration" value="0" />
          </properties>
        </test-case>
        <test-case id="1336" name="PushScreenView_TopLocksCursor_ButUnderlyingScreenUnlocks_CursorStaysLocked" fullname="ViewRouterTests.PushScreenView_TopLocksCursor_ButUnderlyingScreenUnlocks_CursorStaysLocked" methodname="PushScreenView_TopLocksCursor_ButUnderlyingScreenUnlocks_CursorStaysLocked" classname="ViewRouterTests" runstate="Runnable" seed="8070012" result="Failed" start-time="2026-06-15 22:24:18Z" end-time="2026-06-15 22:24:18Z" duration="0.000249" asserts="0">
          <properties>
            <property name="retryIteration" value="0" />
            <property name="repeatIteration" value="0" />
          </properties>
          <failure>
            <message><![CDATA[  Expected: Locked
  But was:  None
]]></message>
            <stack-trace><![CDATA[at ViewRouterTests.PushScreenView_TopLocksCursor_ButUnderlyingScreenUnlocks_CursorStaysLocked () [0x0007b] in C:\Users\brend\Developer\Resonance\Assets\Tests\UISystemTests\ViewRouterTests.cs:634
]]></stack-trace>
          </failure>
        </test-case>
        <test-case id="1322" name="PushScreenView_UnregisteredKey_ThrowsKeyNotFoundException" fullname="ViewRouterTests.PushScreenView_UnregisteredKey_ThrowsKeyNotFoundException" methodname="PushScreenView_UnregisteredKey_ThrowsKeyNotFoundException" classname="ViewRouterTests" runstate="Runnable" seed="1428727247" result="Passed" start-time="2026-06-15 22:24:18Z" end-time="2026-06-15 22:24:18Z" duration="0.000640" asserts="0">
          <properties>
            <property name="retryIteration" value="0" />
            <property name="repeatIteration" value="0" />
          </properties>
        </test-case>
        <test-case id="1337" name="PushScreenView_WithInputMaps_DisablesInputMaps" fullname="ViewRouterTests.PushScreenView_WithInputMaps_DisablesInputMaps" methodname="PushScreenView_WithInputMaps_DisablesInputMaps" classname="ViewRouterTests" runstate="Runnable" seed="165245512" result="Passed" start-time="2026-06-15 22:24:18Z" end-time="2026-06-15 22:24:18Z" duration="0.000192" asserts="0">
          <properties>
            <property name="retryIteration" value="0" />
            <property name="repeatIteration" value="0" />
          </properties>
        </test-case>
        <test-case id="1335" name="PushScreenView_WithUnlockCursor_UnlocksCursor" fullname="ViewRouterTests.PushScreenView_WithUnlockCursor_UnlocksCursor" methodname="PushScreenView_WithUnlockCursor_UnlocksCursor" classname="ViewRouterTests" runstate="Runnable" seed="1507909063" result="Passed" start-time="2026-06-15 22:24:18Z" end-time="2026-06-15 22:24:18Z" duration="0.000152" asserts="0">
          <properties>
            <property name="retryIteration" value="0" />
            <property name="repeatIteration" value="0" />
          </properties>
        </test-case>
        <test-case id="1296" name="RegisterOverlay_DuplicateKey_ThrowsArgumentException" fullname="ViewRouterTests.RegisterOverlay_DuplicateKey_ThrowsArgumentException" methodname="RegisterOverlay_DuplicateKey_ThrowsArgumentException" classname="ViewRouterTests" runstate="Runnable" seed="1087397037" result="Passed" start-time="2026-06-15 22:24:18Z" end-time="2026-06-15 22:24:18Z" duration="0.000198" asserts="0">
          <properties>
            <property name="retryIteration" value="0" />
            <property name="repeatIteration" value="0" />
          </properties>
        </test-case>
        <test-case id="1294" name="RegisterOverlay_NullView_ThrowsArgumentNullException" fullname="ViewRouterTests.RegisterOverlay_NullView_ThrowsArgumentNullException" methodname="RegisterOverlay_NullView_ThrowsArgumentNullException" classname="ViewRouterTests" runstate="Runnable" seed="680069699" result="Passed" start-time="2026-06-15 22:24:18Z" end-time="2026-06-15 22:24:18Z" duration="0.000173" asserts="0">
          <properties>
            <property name="retryIteration" value="0" />
            <property name="repeatIteration" value="0" />
          </properties>
        </test-case>
        <test-case id="1295" name="RegisterOverlay_Once_AddsToOverlayDictionary" fullname="ViewRouterTests.RegisterOverlay_Once_AddsToOverlayDictionary" methodname="RegisterOverlay_Once_AddsToOverlayDictionary" classname="ViewRouterTests" runstate="Runnable" seed="1447223379" result="Passed" start-time="2026-06-15 22:24:18Z" end-time="2026-06-15 22:24:18Z" duration="0.000191" asserts="0">
          <properties>
            <property name="retryIteration" value="0" />
            <property name="repeatIteration" value="0" />
          </properties>
        </test-case>
        <test-case id="1321" name="RegisterScreenView_DuplicateKey_ThrowsArgumentException" fullname="ViewRouterTests.RegisterScreenView_DuplicateKey_ThrowsArgumentException" methodname="RegisterScreenView_DuplicateKey_ThrowsArgumentException" classname="ViewRouterTests" runstate="Runnable" seed="1581026967" result="Passed" start-time="2026-06-15 22:24:18Z" end-time="2026-06-15 22:24:18Z" duration="0.000171" asserts="0">
          <properties>
            <property name="retryIteration" value="0" />
            <property name="repeatIteration" value="0" />
          </properties>
        </test-case>
        <test-case id="1319" name="RegisterScreenView_NullView_ThrowsArgumentNullException" fullname="ViewRouterTests.RegisterScreenView_NullView_ThrowsArgumentNullException" methodname="RegisterScreenView_NullView_ThrowsArgumentNullException" classname="ViewRouterTests" runstate="Runnable" seed="1703650078" result="Passed" start-time="2026-06-15 22:24:18Z" end-time="2026-06-15 22:24:18Z" duration="0.000136" asserts="0">
          <properties>
            <property name="retryIteration" value="0" />
            <property name="repeatIteration" value="0" />
          </properties>
        </test-case>
        <test-case id="1320" name="RegisterScreenView_Once_AddsToScreenViewsDictionary" fullname="ViewRouterTests.RegisterScreenView_Once_AddsToScreenViewsDictionary" methodname="RegisterScreenView_Once_AddsToScreenViewsDictionary" classname="ViewRouterTests" runstate="Runnable" seed="623312286" result="Passed" start-time="2026-06-15 22:24:18Z" end-time="2026-06-15 22:24:18Z" duration="0.000195" asserts="0">
          <properties>
            <property name="retryIteration" value="0" />
            <property name="repeatIteration" value="0" />
          </properties>
        </test-case>
        <test-case id="1350" name="SharedInputMap_BetweenScreenAndOverlay_StaysDisabled_WhileEitherActive" fullname="ViewRouterTests.SharedInputMap_BetweenScreenAndOverlay_StaysDisabled_WhileEitherActive" methodname="SharedInputMap_BetweenScreenAndOverlay_StaysDisabled_WhileEitherActive" classname="ViewRouterTests" runstate="Runnable" seed="869972436" result="Passed" start-time="2026-06-15 22:24:18Z" end-time="2026-06-15 22:24:18Z" duration="0.000245" asserts="0">
          <properties>
            <property name="retryIteration" value="0" />
            <property name="repeatIteration" value="0" />
          </properties>
        </test-case>
        <test-case id="1301" name="ShowOverlay_AlreadyShownOverlay_IsNoOp" fullname="ViewRouterTests.ShowOverlay_AlreadyShownOverlay_IsNoOp" methodname="ShowOverlay_AlreadyShownOverlay_IsNoOp" classname="ViewRouterTests" runstate="Runnable" seed="1295141784" result="Passed" start-time="2026-06-15 22:24:18Z" end-time="2026-06-15 22:24:18Z" duration="0.000152" asserts="0">
          <properties>
            <property name="retryIteration" value="0" />
            <property name="repeatIteration" value="0" />
          </properties>
        </test-case>
        <test-case id="1309" name="ShowOverlay_InactiveOverlayWithUniqueInputMap_ReenablesIt" fullname="ViewRouterTests.ShowOverlay_InactiveOverlayWithUniqueInputMap_ReenablesIt" methodname="ShowOverlay_InactiveOverlayWithUniqueInputMap_ReenablesIt" classname="ViewRouterTests" runstate="Runnable" seed="1133148664" result="Passed" start-time="2026-06-15 22:24:18Z" end-time="2026-06-15 22:24:18Z" duration="0.000200" asserts="0">
          <properties>
            <property name="retryIteration" value="0" />
            <property name="repeatIteration" value="0" />
          </properties>
        </test-case>
        <test-case id="1302" name="ShowOverlay_RegisteredOverlay_AddsToActiveOverlayKeys" fullname="ViewRouterTests.ShowOverlay_RegisteredOverlay_AddsToActiveOverlayKeys" methodname="ShowOverlay_RegisteredOverlay_AddsToActiveOverlayKeys" classname="ViewRouterTests" runstate="Runnable" seed="1563418801" result="Passed" start-time="2026-06-15 22:24:18Z" end-time="2026-06-15 22:24:18Z" duration="0.000142" asserts="0">
          <properties>
            <property name="retryIteration" value="0" />
            <property name="repeatIteration" value="0" />
          </properties>
        </test-case>
        <test-case id="1303" name="ShowOverlay_RegisteredOverlay_CallsViewShow" fullname="ViewRouterTests.ShowOverlay_RegisteredOverlay_CallsViewShow" methodname="ShowOverlay_RegisteredOverlay_CallsViewShow" classname="ViewRouterTests" runstate="Runnable" seed="1371976687" result="Passed" start-time="2026-06-15 22:24:18Z" end-time="2026-06-15 22:24:18Z" duration="0.000125" asserts="0">
          <properties>
            <property name="retryIteration" value="0" />
            <property name="repeatIteration" value="0" />
          </properties>
        </test-case>
        <test-case id="1304" name="ShowOverlay_RegisteredOverlay_InjectsDismissAction" fullname="ViewRouterTests.ShowOverlay_RegisteredOverlay_InjectsDismissAction" methodname="ShowOverlay_RegisteredOverlay_InjectsDismissAction" classname="ViewRouterTests" runstate="Runnable" seed="404192610" result="Passed" start-time="2026-06-15 22:24:18Z" end-time="2026-06-15 22:24:18Z" duration="0.000175" asserts="0">
          <properties>
            <property name="retryIteration" value="0" />
            <property name="repeatIteration" value="0" />
          </properties>
        </test-case>
        <test-case id="1310" name="ShowOverlay_SharedInputMap_NotReenabledWhenAlsoInActiveOverlay" fullname="ViewRouterTests.ShowOverlay_SharedInputMap_NotReenabledWhenAlsoInActiveOverlay" methodname="ShowOverlay_SharedInputMap_NotReenabledWhenAlsoInActiveOverlay" classname="ViewRouterTests" runstate="Runnable" seed="840805555" result="Passed" start-time="2026-06-15 22:24:18Z" end-time="2026-06-15 22:24:18Z" duration="0.000252" asserts="0">
          <properties>
            <property name="retryIteration" value="0" />
            <property name="repeatIteration" value="0" />
          </properties>
        </test-case>
        <test-case id="1300" name="ShowOverlay_UnregisteredKey_ThrowsKeyNotFoundException" fullname="ViewRouterTests.ShowOverlay_UnregisteredKey_ThrowsKeyNotFoundException" methodname="ShowOverlay_UnregisteredKey_ThrowsKeyNotFoundException" classname="ViewRouterTests" runstate="Runnable" seed="1275048677" result="Passed" start-time="2026-06-15 22:24:18Z" end-time="2026-06-15 22:24:18Z" duration="0.000148" asserts="0">
          <properties>
            <property name="retryIteration" value="0" />
            <property name="repeatIteration" value="0" />
          </properties>
        </test-case>
        <test-case id="1308" name="ShowOverlay_WithInputMaps_DisablesInputMaps" fullname="ViewRouterTests.ShowOverlay_WithInputMaps_DisablesInputMaps" methodname="ShowOverlay_WithInputMaps_DisablesInputMaps" classname="ViewRouterTests" runstate="Runnable" seed="1922394076" result="Passed" start-time="2026-06-15 22:24:18Z" end-time="2026-06-15 22:24:18Z" duration="0.000173" asserts="0">
          <properties>
            <property name="retryIteration" value="0" />
            <property name="repeatIteration" value="0" />
          </properties>
        </test-case>
        <test-case id="1306" name="ShowOverlay_WithoutUnlockCursor_LocksCursor" fullname="ViewRouterTests.ShowOverlay_WithoutUnlockCursor_LocksCursor" methodname="ShowOverlay_WithoutUnlockCursor_LocksCursor" classname="ViewRouterTests" runstate="Runnable" seed="1303229740" result="Failed" start-time="2026-06-15 22:24:18Z" end-time="2026-06-15 22:24:18Z" duration="0.000253" asserts="0">
          <properties>
            <property name="retryIteration" value="0" />
            <property name="repeatIteration" value="0" />
          </properties>
          <failure>
            <message><![CDATA[  Expected: Locked
  But was:  None
]]></message>
            <stack-trace><![CDATA[at ViewRouterTests.ShowOverlay_WithoutUnlockCursor_LocksCursor () [0x0003e] in C:\Users\brend\Developer\Resonance\Assets\Tests\UISystemTests\ViewRouterTests.cs:215
]]></stack-trace>
          </failure>
        </test-case>
        <test-case id="1307" name="ShowOverlay_WithoutUnlockCursor_WhenOtherActiveOverlayUnlocks_KeepsCursorUnlocked" fullname="ViewRouterTests.ShowOverlay_WithoutUnlockCursor_WhenOtherActiveOverlayUnlocks_KeepsCursorUnlocked" methodname="ShowOverlay_WithoutUnlockCursor_WhenOtherActiveOverlayUnlocks_KeepsCursorUnlocked" classname="ViewRouterTests" runstate="Runnable" seed="1172847884" result="Passed" start-time="2026-06-15 22:24:18Z" end-time="2026-06-15 22:24:18Z" duration="0.000177" asserts="0">
          <properties>
            <property name="retryIteration" value="0" />
            <property name="repeatIteration" value="0" />
          </properties>
        </test-case>
        <test-case id="1305" name="ShowOverlay_WithUnlockCursor_UnlocksCursor" fullname="ViewRouterTests.ShowOverlay_WithUnlockCursor_UnlocksCursor" methodname="ShowOverlay_WithUnlockCursor_UnlocksCursor" classname="ViewRouterTests" runstate="Runnable" seed="1649538034" result="Passed" start-time="2026-06-15 22:24:18Z" end-time="2026-06-15 22:24:18Z" duration="0.000131" asserts="0">
          <properties>
            <property name="retryIteration" value="0" />
            <property name="repeatIteration" value="0" />
          </properties>
        </test-case>
        <test-case id="1298" name="ToggleOverlay_HidesOverlayIfOverlayShown" fullname="ViewRouterTests.ToggleOverlay_HidesOverlayIfOverlayShown" methodname="ToggleOverlay_HidesOverlayIfOverlayShown" classname="ViewRouterTests" runstate="Runnable" seed="451991258" result="Passed" start-time="2026-06-15 22:24:18Z" end-time="2026-06-15 22:24:18Z" duration="0.000171" asserts="0">
          <properties>
            <property name="retryIteration" value="0" />
            <property name="repeatIteration" value="0" />
          </properties>
        </test-case>
        <test-case id="1297" name="ToggleOverlay_ShowsOverlayIfOverlayHidden" fullname="ViewRouterTests.ToggleOverlay_ShowsOverlayIfOverlayHidden" methodname="ToggleOverlay_ShowsOverlayIfOverlayHidden" classname="ViewRouterTests" runstate="Runnable" seed="1057036414" result="Passed" start-time="2026-06-15 22:24:18Z" end-time="2026-06-15 22:24:18Z" duration="0.000127" asserts="0">
          <properties>
            <property name="retryIteration" value="0" />
            <property name="repeatIteration" value="0" />
          </properties>
        </test-case>
        <test-case id="1299" name="ToggleOverlay_UnregisteredKey_ThrowsKeyNotFoundException" fullname="ViewRouterTests.ToggleOverlay_UnregisteredKey_ThrowsKeyNotFoundException" methodname="ToggleOverlay_UnregisteredKey_ThrowsKeyNotFoundException" classname="ViewRouterTests" runstate="Runnable" seed="1347580511" result="Passed" start-time="2026-06-15 22:24:18Z" end-time="2026-06-15 22:24:18Z" duration="0.000147" asserts="0">
          <properties>
            <property name="retryIteration" value="0" />
            <property name="repeatIteration" value="0" />
          </properties>
        </test-case>
        <test-case id="1348" name="TopScreenUnlocksCursor_ActiveOverlayLocks_CursorUnlocked" fullname="ViewRouterTests.TopScreenUnlocksCursor_ActiveOverlayLocks_CursorUnlocked" methodname="TopScreenUnlocksCursor_ActiveOverlayLocks_CursorUnlocked" classname="ViewRouterTests" runstate="Runnable" seed="1625230764" result="Passed" start-time="2026-06-15 22:24:18Z" end-time="2026-06-15 22:24:18Z" duration="0.000162" asserts="0">
          <properties>
            <property name="retryIteration" value="0" />
            <property name="repeatIteration" value="0" />
          </properties>
          <output><![CDATA[Saving results to: C:/Users/brend/AppData/LocalLow/Isamu/Resonance\TestResults.xml
]]></output>
        </test-case>
      </test-suite>
    </test-suite>
  </test-suite>
</test-run>